<?xml version="1.0" encoding="utf-8"?><testsuites name="pytest tests"><testsuite name="pytest" errors="0" failures="1" skipped="0" tests="78" time="62.444" timestamp="2026-08-05T09:35:50.261994+00:00" hostname="agent-env-a4e490e2-9c97-4db7-896b-74e67972fa90"><testcase classname="tests.backend_test.TestFullFlow" name="test_01_company_defaults" time="0.172"><failure message="AssertionError: assert 'TEST Co' == ''&#10;  &#10;  + TEST Co">E   AssertionError: assert 'TEST Co' == ''
      
      + TEST Co</failure></testcase><testcase classname="tests.backend_test.TestFullFlow" name="test_02_company_put_and_persist" time="0.248" /><testcase classname="tests.backend_test.TestFullFlow" name="test_03_customers_crud" time="0.370" /><testcase classname="tests.test_iter3_features.TestReports" name="test_01_ledger_full" time="0.833" /><testcase classname="tests.backend_test.TestFullFlow" name="test_04_customer_delete_flow" time="0.367" /><testcase classname="tests.test_iter3_features.TestReports" name="test_02_ledger_date_filter_excludes_payment" time="0.116" /><testcase classname="tests.test_iter3_features.TestReports" name="test_03_ledger_missing_customer_id_422" time="0.156" /><testcase classname="tests.test_iter3_features.TestReports" name="test_04_ledger_pdf" time="0.130" /><testcase classname="tests.backend_test.TestFullFlow" name="test_05_trip_per_ton" time="0.184" /><testcase classname="tests.test_iter3_features.TestReports" name="test_05_pl_report" time="0.162" /><testcase classname="tests.backend_test.TestFullFlow" name="test_06_trip_fixed" time="0.117" /><testcase classname="tests.test_iter3_features.TestReports" name="test_06_balance_sheet" time="0.606" /><testcase classname="tests.backend_test.TestFullFlow" name="test_07_trip_third" time="0.117" /><testcase classname="tests.backend_test.TestFullFlow" name="test_08_trip_update_recomputes" time="0.115" /><testcase classname="tests.backend_test.TestFullFlow" name="test_09_trip_list" time="0.116" /><testcase classname="tests.backend_test.TestFullFlow" name="test_10_invoice_cgst_sgst_rcm" time="0.235" /><testcase classname="tests.test_iter2_features.TestDrivers" name="test_01_create_driver" time="0.116" /><testcase classname="tests.backend_test.TestFullFlow" name="test_11_reinvoice_locked" time="0.117" /><testcase classname="tests.test_iter2_features.TestDrivers" name="test_02_list_drivers_has_stats_zero" time="0.115" /><testcase classname="tests.backend_test.TestFullFlow" name="test_12_cannot_edit_or_delete_invoiced_trip" time="0.241" /><testcase classname="tests.test_iter2_features.TestDrivers" name="test_03_driver_stats_aggregation" time="0.479" /><testcase classname="tests.backend_test.TestFullFlow" name="test_13_payments_accumulate" time="0.257" /><testcase classname="tests.backend_test.TestFullFlow" name="test_14_pdf" time="0.129" /><testcase classname="tests.test_iter2_features.TestDrivers" name="test_04_update_driver" time="0.274" /><testcase classname="tests.backend_test.TestFullFlow" name="test_15_delete_invoice_releases_trips" time="0.264" /><testcase classname="tests.test_iter2_features.TestDrivers" name="test_05_delete_driver" time="0.257" /><testcase classname="tests.backend_test.TestFullFlow" name="test_16_igst_invoice_non_rcm" time="0.256" /><testcase classname="tests.test_iter2_features.TestDrivers" name="test_99_cleanup" time="0.352" /><testcase classname="tests.backend_test.TestFullFlow" name="test_17_dashboard" time="0.215" /><testcase classname="tests.test_iter2_features.TestTripImport" name="test_01_import_template" time="0.130" /><testcase classname="tests.test_iter2_features.TestInvoiceShare" name="test_01_setup" time="0.354" /><testcase classname="tests.test_iter2_features.TestTripImport" name="test_02_setup_customer" time="0.241" /><testcase classname="tests.test_iter2_features.TestTripImport" name="test_03_import_csv" time="0.234" /><testcase classname="tests.test_iter2_features.TestInvoiceShare" name="test_02_share_token_creation" time="0.120" /><testcase classname="tests.test_iter2_features.TestInvoiceShare" name="test_03_share_token_idempotent" time="0.120" /><testcase classname="tests.test_iter2_features.TestTripImport" name="test_04_import_xlsx" time="0.219" /><testcase classname="tests.test_iter2_features.TestInvoiceShare" name="test_04_public_pdf_no_auth" time="0.316" /><testcase classname="tests.test_iter2_features.TestTripImport" name="test_99_cleanup" time="0.738" /><testcase classname="tests.test_iter2_features.TestInvoiceShare" name="test_05_public_pdf_wrong_token" time="0.154" /><testcase classname="tests.test_iter2_features.TestInvoiceShare" name="test_99_cleanup" time="0.358" /><testcase classname="tests.test_iter3_features.TestProducts" name="test_01_create_product" time="0.146" /><testcase classname="tests.test_iter4_features.TestVehicles" name="test_01_create_vehicle_with_expiries" time="0.111" /><testcase classname="tests.test_iter3_features.TestProducts" name="test_02_list_products" time="0.124" /><testcase classname="tests.test_iter4_features.TestVehicles" name="test_02_list_vehicles_has_alerts" time="0.159" /><testcase classname="tests.test_iter3_features.TestProducts" name="test_03_update_product" time="0.273" /><testcase classname="tests.test_iter4_features.TestVehicles" name="test_03_update_vehicle_recomputes" time="0.118" /><testcase classname="tests.test_iter4_features.TestVehicles" name="test_04_delete_vehicle" time="0.277" /><testcase classname="tests.test_iter3_features.TestProducts" name="test_04_delete_product" time="0.236" /><testcase classname="tests.test_iter3_features.TestCompanyLogo" name="test_01_upload_valid_png" time="0.279" /><testcase classname="tests.test_iter3_features.TestFreightFormula" name="test_01_round_trip_formula" time="0.243" /><testcase classname="tests.test_iter3_features.TestFreightFormula" name="test_02_legacy_fixed_fallback" time="0.161" /><testcase classname="tests.test_iter3_features.TestCompanyLogo" name="test_02_upload_oversized" time="0.267" /><testcase classname="tests.test_iter3_features.TestFreightFormula" name="test_03_per_ton_mode" time="0.120" /><testcase classname="tests.test_iter3_features.TestFreightFormula" name="test_04_put_recomputes_round_trip" time="0.607" /><testcase classname="tests.test_iter3_features.TestCompanyLogo" name="test_03_upload_non_image" time="0.116" /><testcase classname="tests.test_iter3_features.TestCompanyLogo" name="test_04_delete_logo" time="0.240" /><testcase classname="tests.test_iter4_features.TestFuel" name="test_01_auto_amount" time="0.237" /><testcase classname="tests.test_iter3_features.TestRegression" name="test_auth_me" time="0.116" /><testcase classname="tests.test_iter4_features.TestFuel" name="test_02_provided_amount_kept" time="0.123" /><testcase classname="tests.test_iter3_features.TestRegression" name="test_list_endpoints" time="0.819" /><testcase classname="tests.test_iter4_features.TestFuel" name="test_03_summary_km_per_litre" time="3.656" /><testcase classname="tests.test_iter3_features.TestRegression" name="test_public_pdf_still_works" time="1.407" /><testcase classname="tests.test_iter3_features.TestRegression" name="test_invoice_pdf" time="0.258" /><testcase classname="tests.test_iter4_features.TestEwayBill" name="test_01_intrastate_ap" time="0.477" /><testcase classname="tests.test_iter4_features.TestEwayBill" name="test_02_interstate_karnataka" time="0.266" /><testcase classname="tests.test_iter4_features.TestEwayBill" name="test_03_unknown_state" time="0.515" /><testcase classname="tests.test_iter2_features.TestDashboardReceivables" name="test_01_setup_unpaid_invoice" time="0.378" /><testcase classname="tests.test_iter2_features.TestDashboardReceivables" name="test_02_dashboard_receivables_enriched" time="0.121" /><testcase classname="tests.test_iter2_features.TestDashboardReceivables" name="test_99_cleanup" time="0.356" /><testcase classname="tests.test_iter2_features.TestRegressionSmoke" name="test_auth_me" time="0.117" /><testcase classname="tests.test_iter2_features.TestRegressionSmoke" name="test_list_endpoints" time="0.602" /><testcase classname="tests.test_iter4_features.TestGSTR1" name="test_01_gstr1_totals_and_split" time="1.595" /><testcase classname="tests.test_iter4_features.TestGSTR1" name="test_02_gstr1_excludes_out_of_month" time="0.250" /><testcase classname="tests.backend_test.TestAuth" name="test_me_authenticated" time="0.182" /><testcase classname="tests.backend_test.TestAuth" name="test_me_unauthenticated" time="0.115" /><testcase classname="tests.test_iter4_features.TestGSTR1" name="test_03_gstr1_invalid_month_400" time="1.580" /><testcase classname="tests.test_iter4_features.TestRegression" name="test_auth_and_lists" time="48.617" /><testcase classname="tests.test_iter4_features.TestDashboardExpiry" name="test_dashboard_expiry_alerts" time="0.597" /></testsuite></testsuites>