<?xml version="1.0" encoding="utf-8"?><testsuites name="pytest tests"><testsuite name="pytest" errors="0" failures="1" skipped="0" tests="89" time="88.348" timestamp="2026-08-05T10:36:36.286444+00:00" hostname="agent-env-a4e490e2-9c97-4db7-896b-74e67972fa90"><testcase classname="tests.test_iter2_features.TestDrivers" name="test_01_create_driver" time="0.137" /><testcase classname="tests.backend_test.TestFullFlow" name="test_01_company_defaults" time="0.221"><failure message="AssertionError: assert 'TEST PIN Co' == ''&#10;  &#10;  + TEST PIN Co">E   AssertionError: assert 'TEST PIN Co' == ''
      
      + TEST PIN Co</failure></testcase><testcase classname="tests.test_iter2_features.TestDrivers" name="test_02_list_drivers_has_stats_zero" time="0.119" /><testcase classname="tests.backend_test.TestFullFlow" name="test_02_company_put_and_persist" time="0.250" /><testcase classname="tests.test_iter2_features.TestDrivers" name="test_03_driver_stats_aggregation" time="0.509" /><testcase classname="tests.backend_test.TestFullFlow" name="test_03_customers_crud" time="0.340" /><testcase classname="tests.test_iter2_features.TestDrivers" name="test_04_update_driver" time="0.236" /><testcase classname="tests.backend_test.TestFullFlow" name="test_04_customer_delete_flow" time="0.353" /><testcase classname="tests.test_iter2_features.TestDrivers" name="test_05_delete_driver" time="0.246" /><testcase classname="tests.backend_test.TestFullFlow" name="test_05_trip_per_ton" time="0.163" /><testcase classname="tests.test_iter2_features.TestDrivers" name="test_99_cleanup" time="0.393" /><testcase classname="tests.backend_test.TestFullFlow" name="test_06_trip_fixed" time="0.114" /><testcase classname="tests.backend_test.TestFullFlow" name="test_07_trip_third" time="0.190" /><testcase classname="tests.backend_test.TestFullFlow" name="test_08_trip_update_recomputes" time="0.128" /><testcase classname="tests.test_iter2_features.TestInvoiceShare" name="test_01_setup" time="0.350" /><testcase classname="tests.backend_test.TestFullFlow" name="test_09_trip_list" time="0.116" /><testcase classname="tests.backend_test.TestFullFlow" name="test_10_invoice_cgst_sgst_rcm" time="0.231" /><testcase classname="tests.test_iter2_features.TestInvoiceShare" name="test_02_share_token_creation" time="0.172" /><testcase classname="tests.backend_test.TestFullFlow" name="test_11_reinvoice_locked" time="0.117" /><testcase classname="tests.test_iter2_features.TestInvoiceShare" name="test_03_share_token_idempotent" time="0.121" /><testcase classname="tests.backend_test.TestFullFlow" name="test_12_cannot_edit_or_delete_invoiced_trip" time="0.239" /><testcase classname="tests.test_iter2_features.TestInvoiceShare" name="test_04_public_pdf_no_auth" time="0.127" /><testcase classname="tests.test_iter2_features.TestInvoiceShare" name="test_05_public_pdf_wrong_token" time="0.110" /><testcase classname="tests.backend_test.TestFullFlow" name="test_13_payments_accumulate" time="0.237" /><testcase classname="tests.test_iter2_features.TestInvoiceShare" name="test_99_cleanup" time="0.359" /><testcase classname="tests.backend_test.TestFullFlow" name="test_14_pdf" time="0.124" /><testcase classname="tests.backend_test.TestFullFlow" name="test_15_delete_invoice_releases_trips" time="0.236" /><testcase classname="tests.backend_test.TestFullFlow" name="test_16_igst_invoice_non_rcm" time="0.243" /><testcase classname="tests.backend_test.TestFullFlow" name="test_17_dashboard" time="0.137" /><testcase classname="tests.test_iter2_features.TestTripImport" name="test_01_import_template" time="0.176" /><testcase classname="tests.test_iter3_features.TestReports" name="test_01_ledger_full" time="0.861" /><testcase classname="tests.test_iter2_features.TestTripImport" name="test_02_setup_customer" time="0.243" /><testcase classname="tests.test_iter3_features.TestReports" name="test_02_ledger_date_filter_excludes_payment" time="0.120" /><testcase classname="tests.test_iter3_features.TestReports" name="test_03_ledger_missing_customer_id_422" time="0.174" /><testcase classname="tests.test_iter2_features.TestTripImport" name="test_03_import_csv" time="0.237" /><testcase classname="tests.test_iter3_features.TestReports" name="test_04_ledger_pdf" time="0.121" /><testcase classname="tests.test_iter2_features.TestTripImport" name="test_04_import_xlsx" time="0.249" /><testcase classname="tests.test_iter3_features.TestReports" name="test_05_pl_report" time="0.117" /><testcase classname="tests.test_iter3_features.TestReports" name="test_06_balance_sheet" time="36.749" /><testcase classname="tests.test_iter2_features.TestTripImport" name="test_99_cleanup" time="36.887" /><testcase classname="tests.test_iter3_features.TestCompanyLogo" name="test_01_upload_valid_png" time="2.401" /><testcase classname="tests.test_iter3_features.TestProducts" name="test_01_create_product" time="0.160" /><testcase classname="tests.test_iter3_features.TestProducts" name="test_02_list_products" time="19.543" /><testcase classname="tests.test_iter3_features.TestCompanyLogo" name="test_02_upload_oversized" time="0.405" /><testcase classname="tests.test_iter3_features.TestCompanyLogo" name="test_03_upload_non_image" time="0.155" /><testcase classname="tests.test_iter3_features.TestCompanyLogo" name="test_04_delete_logo" time="12.562" /><testcase classname="tests.test_iter3_features.TestFreightFormula" name="test_01_round_trip_formula" time="0.269" /><testcase classname="tests.test_iter3_features.TestFreightFormula" name="test_02_legacy_fixed_fallback" time="0.117" /><testcase classname="tests.test_iter3_features.TestFreightFormula" name="test_03_per_ton_mode" time="0.115" /><testcase classname="tests.test_iter3_features.TestFreightFormula" name="test_04_put_recomputes_round_trip" time="0.596" /><testcase classname="tests.test_iter3_features.TestRegression" name="test_auth_me" time="0.128" /><testcase classname="tests.test_iter3_features.TestRegression" name="test_list_endpoints" time="0.719" /><testcase classname="tests.test_iter3_features.TestRegression" name="test_public_pdf_still_works" time="0.361" /><testcase classname="tests.test_iter3_features.TestRegression" name="test_invoice_pdf" time="0.249" /><testcase classname="tests.test_iter4_features.TestVehicles" name="test_01_create_vehicle_with_expiries" time="0.123" /><testcase classname="tests.test_iter4_features.TestVehicles" name="test_02_list_vehicles_has_alerts" time="0.124" /><testcase classname="tests.test_iter4_features.TestVehicles" name="test_03_update_vehicle_recomputes" time="0.119" /><testcase classname="tests.test_iter4_features.TestVehicles" name="test_04_delete_vehicle" time="0.246" /><testcase classname="tests.test_iter2_features.TestDashboardReceivables" name="test_01_setup_unpaid_invoice" time="0.400" /><testcase classname="tests.test_iter2_features.TestDashboardReceivables" name="test_02_dashboard_receivables_enriched" time="0.115" /><testcase classname="tests.test_iter2_features.TestDashboardReceivables" name="test_99_cleanup" time="0.360" /><testcase classname="tests.test_iter4_features.TestFuel" name="test_01_auto_amount" time="0.234" /><testcase classname="tests.test_iter4_features.TestFuel" name="test_02_provided_amount_kept" time="0.116" /><testcase classname="tests.test_iter3_features.TestProducts" name="test_03_update_product" time="0.229" /><testcase classname="tests.test_iter4_features.TestFuel" name="test_03_summary_km_per_litre" time="1.602" /><testcase classname="tests.test_iter3_features.TestProducts" name="test_04_delete_product" time="0.274" /><testcase classname="tests.test_iter4_features.TestEwayBill" name="test_01_intrastate_ap" time="0.487" /><testcase classname="tests.test_iter4_features.TestEwayBill" name="test_02_interstate_karnataka" time="0.237" /><testcase classname="tests.test_iter4_features.TestEwayBill" name="test_03_unknown_state" time="19.917" /><testcase classname="tests.test_iter4_features.TestGSTR1" name="test_01_gstr1_totals_and_split" time="7.200" /><testcase classname="tests.test_iter4_features.TestGSTR1" name="test_02_gstr1_excludes_out_of_month" time="7.535" /><testcase classname="tests.test_iter4_features.TestGSTR1" name="test_03_gstr1_invalid_month_400" time="2.151" /><testcase classname="tests.backend_test.TestAuth" name="test_me_authenticated" time="0.165" /><testcase classname="tests.backend_test.TestAuth" name="test_me_unauthenticated" time="0.151" /><testcase classname="tests.test_iter2_features.TestRegressionSmoke" name="test_auth_me" time="0.150" /><testcase classname="tests.test_iter2_features.TestRegressionSmoke" name="test_list_endpoints" time="0.779" /><testcase classname="tests.test_iter5_features.TestBulkUpload" name="test_01_bulk_upload_tags_parsed" time="0.520" /><testcase classname="tests.test_iter5_features.TestBulkUpload" name="test_02_bulk_upload_links_to_existing_vehicle" time="1.277" /><testcase classname="tests.test_iter5_features.TestLRGeneration" name="test_01_lr_pdf_generation_and_autonumber" time="0.743" /><testcase classname="tests.test_iter5_features.TestLRGeneration" name="test_02_lr_number_stable_on_second_call" time="0.390" /><testcase classname="tests.test_iter5_features.TestInlineAttachments" name="test_01_attach_on_trip" time="0.847" /><testcase classname="tests.test_iter5_features.TestLRGeneration" name="test_03_lr_number_increments_for_new_trip" time="1.055" /><testcase classname="tests.test_iter5_features.TestInlineAttachments" name="test_02_attach_on_vehicle" time="1.020" /><testcase classname="tests.test_iter5_features.TestRegression" name="test_endpoints_available" time="1.574" /><testcase classname="tests.test_iter4_features.TestDashboardExpiry" name="test_dashboard_expiry_alerts" time="0.607" /><testcase classname="tests.test_iter4_features.TestRegression" name="test_auth_and_lists" time="1.224" /><testcase classname="tests.test_iter5_features.TestRegression" name="test_reports_gstr1" time="0.124" /><testcase classname="tests.test_iter5_features.TestStorageUsage" name="test_01_usage_shape_and_growth" time="1.129" /><testcase classname="tests.test_iter5_features.TestPincodeInEwayBill" name="test_ewaybill_pincodes" time="1.073" /></testsuite></testsuites>