<?xml version="1.0" encoding="utf-8"?><testsuites name="pytest tests"><testsuite name="pytest" errors="0" failures="1" skipped="0" tests="12" time="29.358" timestamp="2026-08-09T11:46:42.794380+00:00" hostname="agent-env-a4e490e2-9c97-4db7-896b-74e67972fa90"><testcase classname="tests.test_iter10_billing" name="test_auth_session_bad_id_still_returns_401_but_schema_documented" time="0.175" /><testcase classname="tests.test_iter15_multicompany" name="test_01_fresh_user_auto_creates_default" time="0.191"><failure message="AssertionError: assert 35 == 1&#10; +  where 35 = len([{'id': 'co_c2ac839cf8bf4ff4', 'name': 'TEST Iter7 Co', 'address': '', 'phone': '', ...}, {'id': 'co_09e2044551cb4a69', 'name': 'BKA Logistics 17', 'address': '', 'phone': '', ...}, {'id': 'co_699f3c51bf6f49eb', 'name': 'BKA Logistics 17', 'address': '', 'phone': '', ...}, {'id': 'co_956fa4fda35b4271', 'name': 'TEST_LR_CO_A', 'address': '', 'phone': '', ...}, {'id': 'co_4f951f896cad4f5e', 'name': 'TEST_LR_CO_B', 'address': '', 'phone': '', ...}, {'id': 'co_eeb5f73e9caa4cd4', 'name': 'BKA Logistics 17', 'address': '', 'phone': '', ...}, ...])">E   AssertionError: assert 35 == 1
     +  where 35 = len([{'id': 'co_c2ac839cf8bf4ff4', 'name': 'TEST Iter7 Co', 'address': '', 'phone': '', ...}, {'id': 'co_09e2044551cb4a69', 'name': 'BKA Logistics 17', 'address': '', 'phone': '', ...}, {'id': 'co_699f3c51bf6f49eb', 'name': 'BKA Logistics 17', 'address': '', 'phone': '', ...}, {'id': 'co_956fa4fda35b4271', 'name': 'TEST_LR_CO_A', 'address': '', 'phone': '', ...}, {'id': 'co_4f951f896cad4f5e', 'name': 'TEST_LR_CO_B', 'address': '', 'phone': '', ...}, {'id': 'co_eeb5f73e9caa4cd4', 'name': 'BKA Logistics 17', 'address': '', 'phone': '', ...}, ...])</failure></testcase><testcase classname="tests.test_iter10_billing" name="test_auth_me_with_bearer_token" time="0.097" /><testcase classname="tests.test_iter10_billing" name="test_auth_me_without_bearer_returns_401" time="0.091" /><testcase classname="tests.test_iter10_billing" name="test_trip_shortage_and_halting_auto" time="0.311" /><testcase classname="tests.test_iter10_billing" name="test_trip_excess_case" time="0.202" /><testcase classname="tests.test_iter10_billing" name="test_trip_manual_shortage_override" time="0.227" /><testcase classname="tests.test_iter10_billing" name="test_trip_manual_halting_override" time="0.205" /><testcase classname="tests.test_iter10_billing" name="test_invoice_billable_totals" time="0.207" /><testcase classname="tests.test_iter10_billing" name="test_invoice_pdf_has_rupee_and_labels" time="0.133" /><testcase classname="tests.test_iter10_billing" name="test_invoice_recomputes_on_trip_edit" time="0.596" /><testcase classname="tests.test_iter10_billing" name="test_reports_pl_has_new_fields" time="0.600" /></testsuite></testsuites>