<?xml version="1.0" encoding="utf-8"?><testsuites name="pytest tests"><testsuite name="pytest" errors="0" failures="0" skipped="0" tests="9" time="1.885" timestamp="2026-08-06T07:17:40.283705+00:00" hostname="agent-env-a4e490e2-9c97-4db7-896b-74e67972fa90"><testcase classname="tests.test_gstin_lookup" name="test_valid_gstin_andhra" time="0.252" /><testcase classname="tests.test_gstin_lookup" name="test_valid_gstin_telangana" time="0.115" /><testcase classname="tests.test_gstin_lookup" name="test_valid_gstin_delhi" time="0.120" /><testcase classname="tests.test_gstin_lookup" name="test_bad_gstin" time="0.147" /><testcase classname="tests.test_gstin_lookup" name="test_missing_gstin" time="0.125" /><testcase classname="tests.test_gstin_lookup" name="test_empty_gstin" time="0.120" /><testcase classname="tests.test_gstin_lookup" name="test_lowercase_and_spaces" time="0.145" /><testcase classname="tests.test_gstin_lookup" name="test_note_present_when_no_paid_key" time="0.188" /><testcase classname="tests.test_gstin_lookup" name="test_auth_required" time="0.181" /></testsuite></testsuites>