<?xml version="1.0" encoding="utf-8"?><testsuites name="pytest tests"><testsuite name="pytest" errors="0" failures="0" skipped="0" tests="7" time="6.947" timestamp="2026-08-08T14:39:08.100100+00:00" hostname="agent-env-a4e490e2-9c97-4db7-896b-74e67972fa90"><testcase classname="tests.test_iter36_extra" name="test_trip_new_fields_roundtrip_post_get_put" time="0.644" /><testcase classname="tests.test_iter36_extra" name="test_summary_keys_full_shape" time="0.218" /><testcase classname="tests.test_iter36_extra" name="test_txn_row_shape" time="0.414" /><testcase classname="tests.test_iter36_extra" name="test_invoice_and_payment_status_filters" time="0.871" /><testcase classname="tests.test_iter36_extra" name="test_statement_pdf_with_date_range" time="0.208" /><testcase classname="tests.test_iter36_extra" name="test_share_statement_shape_and_public_pdf" time="3.648" /><testcase classname="tests.test_iter36_extra" name="test_combined_filters" time="0.418" /></testsuite></testsuites>