<?xml version="1.0" encoding="utf-8"?><testsuites name="pytest tests"><testsuite name="pytest" errors="0" failures="0" skipped="0" tests="4" time="0.761" timestamp="2026-08-09T10:11:31.306857+00:00" hostname="agent-env-a4e490e2-9c97-4db7-896b-74e67972fa90"><testcase classname="tests.test_iter40_expenditure_remarks" name="test_expenditure_types_default_seed_and_crud" time="0.022" /><testcase classname="tests.test_iter40_expenditure_remarks" name="test_trip_other_expenditures_and_other_income_affect_profit" time="0.016" /><testcase classname="tests.test_iter40_expenditure_remarks" name="test_trip_remarks_and_lr_driver_persist" time="0.018" /><testcase classname="tests.test_iter40_expenditure_remarks" name="test_invoice_pdf_renders_remarks" time="0.158" /></testsuite></testsuites>