<?xml version="1.0" encoding="utf-8"?><testsuites name="pytest tests"><testsuite name="pytest" errors="0" failures="0" skipped="0" tests="5" time="3.190" timestamp="2026-08-12T17:03:45.980259+00:00" hostname="agent-env-a4e490e2-9c97-4db7-896b-74e67972fa90"><testcase classname="tests.test_iter63_supplier_vehicle_master" name="test_vehicle_is_active_default_true" time="0.420" /><testcase classname="tests.test_iter63_supplier_vehicle_master" name="test_vehicle_is_active_false_persists" time="0.329" /><testcase classname="tests.test_iter63_supplier_vehicle_master" name="test_active_only_filter_hides_inactive" time="0.684" /><testcase classname="tests.test_iter63_supplier_vehicle_master" name="test_supplier_id_link_preserved" time="0.152" /><testcase classname="tests.test_iter63_supplier_vehicle_master" name="test_multi_company_isolation_vehicles" time="0.538" /></testsuite></testsuites>