<?xml version="1.0" encoding="utf-8"?><testsuites name="pytest tests"><testsuite name="pytest" errors="0" failures="1" skipped="0" tests="7" time="2.125" timestamp="2026-08-08T10:00:33.641902+00:00" hostname="agent-env-a4e490e2-9c97-4db7-896b-74e67972fa90"><testcase classname="tests.test_iter29_url_resolution" name="test_api_js_contains_static_mapping" time="0.000" /><testcase classname="tests.test_iter29_url_resolution" name="test_aichatbubble_uses_api_import" time="0.000" /><testcase classname="tests.test_iter29_url_resolution" name="test_dynamic_preview_auth_me_ok" time="0.241" /><testcase classname="tests.test_iter29_url_resolution" name="test_static_preview_returns_404_documented" time="0.305"><failure message="AssertionError: Unexpected status 200 — static origin may now have a backend?&#10;assert 200 in (404, 502, 503, 504)&#10; +  where 200 = &lt;Response [200]&gt;.status_code">backend/tests/test_iter29_url_resolution.py:48: in test_static_preview_returns_404_documented
    assert r.status_code in (404, 502, 503, 504), (
E   AssertionError: Unexpected status 200 — static origin may now have a backend?
E   assert 200 in (404, 502, 503, 504)
E    +  where 200 = &lt;Response [200]&gt;.status_code</failure></testcase><testcase classname="tests.test_iter28_import_and_demo" name="test_auth_me" time="0.129" /><testcase classname="tests.test_iter28_import_and_demo" name="test_trip_import_stamps_company_id_not_customer_id" time="0.580" /><testcase classname="tests.test_iter28_import_and_demo" name="test_import_company_isolation" time="0.803" /></testsuite></testsuites>