<?xml version="1.0" encoding="utf-8"?><testsuites name="pytest tests"><testsuite name="pytest" errors="0" failures="0" skipped="0" tests="64" time="25.557" timestamp="2026-08-08T06:55:45.541469+00:00" hostname="agent-env-a4e490e2-9c97-4db7-896b-74e67972fa90"><testcase classname="tests.test_iter17_diesel_advance_deductions" name="test_01_single_trip_deductions_and_invoice_totals" time="0.421" /><testcase classname="tests.test_iter17_diesel_advance_deductions" name="test_02_multi_trip_aggregation" time="0.396" /><testcase classname="tests.test_iter17_diesel_advance_deductions" name="test_03_edit_trip_recomputes_invoice" time="0.197" /><testcase classname="tests.test_iter17_diesel_advance_deductions" name="test_04_pdf_labels" time="0.288" /><testcase classname="tests.test_iter17_diesel_advance_deductions" name="test_05_regression_no_reduction" time="0.288" /><testcase classname="tests.test_iter17_diesel_advance_deductions" name="test_06_multi_company_scoping" time="0.286" /><testcase classname="tests.test_iter21_logo_udyam_per_company" name="test_01_logo_upload_scoped_per_company" time="0.677" /><testcase classname="tests.test_iter21_logo_udyam_per_company" name="test_02_delete_logo_scoped" time="0.381" /><testcase classname="tests.test_iter21_logo_udyam_per_company" name="test_03_udyam_save_and_load_per_company" time="0.571" /><testcase classname="tests.test_iter21_logo_udyam_per_company" name="test_04_invoice_pdfs_differ_between_companies" time="1.249" /><testcase classname="tests.test_iter21_logo_udyam_per_company" name="test_05_udyam_appears_in_pdf_tnc" time="0.009" /><testcase classname="tests.test_iter21_logo_udyam_per_company" name="test_06_no_udyam_line_when_blank" time="0.899" /><testcase classname="tests.test_iter21_logo_udyam_per_company" name="test_07_master_isolation_regression" time="0.384" /><testcase classname="tests.test_iter22_invoice_pdf_redesign" name="test_01_structural_labels_present_and_legacy_absent" time="1.015" /><testcase classname="tests.test_iter22_invoice_pdf_redesign" name="test_02_per_ton_with_diesel_and_advance" time="0.659" /><testcase classname="tests.test_iter22_invoice_pdf_redesign" name="test_03_fixed_mode_renders" time="0.598" /><testcase classname="tests.test_iter22_invoice_pdf_redesign" name="test_04_revised_tnc_present_and_old_absent" time="0.603" /><testcase classname="tests.test_iter22_invoice_pdf_redesign" name="test_05_udyam_appears_when_set" time="0.787" /><testcase classname="tests.test_iter22_invoice_pdf_redesign" name="test_06_udyam_absent_when_blank" time="0.794" /><testcase classname="tests.test_iter22_invoice_pdf_redesign" name="test_07_multi_company_pdfs_generate_and_differ" time="1.404" /><testcase classname="tests.test_iter23_invoice_column_alignment" name="test_bug_a_date_single_line" time="0.708" /><testcase classname="tests.test_iter23_invoice_column_alignment" name="test_bug_b_tons_decimal_single_line" time="0.000" /><testcase classname="tests.test_iter23_invoice_column_alignment" name="test_bug_b_tons_integer_single_line" time="0.349" /><testcase classname="tests.test_iter23_invoice_column_alignment" name="test_bug_c_vehicle_single_line" time="0.000" /><testcase classname="tests.test_iter23_invoice_column_alignment" name="test_bug_d_product_single_line" time="0.000" /><testcase classname="tests.test_iter23_invoice_column_alignment" name="test_bug_e_row_count_matches_expected" time="0.313" /><testcase classname="tests.test_iter23_invoice_column_alignment" name="test_regression_iter22_labels" time="0.093" /><testcase classname="tests.test_multi_company_iso" name="test_master_isolation[/customers-CustA-PYT-CustB-PYT]" time="1.314" /><testcase classname="tests.test_multi_company_iso" name="test_master_isolation[/vehicles-AP01PYT0001-TS01PYT0002]" time="0.191" /><testcase classname="tests.test_multi_company_iso" name="test_master_isolation[/drivers-DrvA-PYT-DrvB-PYT]" time="0.189" /><testcase classname="tests.test_multi_company_iso" name="test_master_isolation[/products-ProdA-PYT-ProdB-PYT]" time="0.214" /><testcase classname="tests.test_multi_company_iso" name="test_master_isolation[/parties-PtyA-PYT-PtyB-PYT]" time="0.199" /><testcase classname="tests.test_multi_company_iso" name="test_trip_and_invoice_isolation" time="1.168" /><testcase classname="tests.test_multi_company_iso" name="test_reports_are_company_scoped" time="1.902" /><testcase classname="tests.test_iter25_refactor_live_workflows.TestW1Auth" name="test_auth_me_bearer" time="0.095" /><testcase classname="tests.test_iter25_refactor_live_workflows.TestW1Auth" name="test_auth_logout_reachable" time="0.091" /><testcase classname="tests.test_iter25_refactor_live_workflows.TestW2Companies" name="test_create_two_companies_and_switch" time="0.282" /><testcase classname="tests.test_iter25_refactor_live_workflows.TestW2Companies" name="test_set_default_and_company_scoping" time="0.290" /><testcase classname="tests.test_iter25_refactor_live_workflows.TestW3Masters" name="test_customer_crud_and_isolation" time="0.566" /><testcase classname="tests.test_iter25_refactor_live_workflows.TestW3Masters" name="test_vehicle_driver_product_party_crud" time="0.768" /><testcase classname="tests.test_iter25_refactor_live_workflows.TestW4TripCreate" name="test_per_ton_trip_auto_freight" time="0.105" /><testcase classname="tests.test_iter25_refactor_live_workflows.TestW4TripCreate" name="test_fixed_mode_trip" time="0.092" /><testcase classname="tests.test_iter25_refactor_live_workflows.TestW4TripCreate" name="test_round_trip_halting" time="0.096" /><testcase classname="tests.test_iter25_refactor_live_workflows.TestW5TripEdit" name="test_put_trip_recomputes" time="0.284" /><testcase classname="tests.test_iter25_refactor_live_workflows.TestW6InvoiceCreate" name="test_create_invoice_from_per_ton_trip" time="0.097" /><testcase classname="tests.test_iter25_refactor_live_workflows.TestW7InvoiceEdit" name="test_switch_to_igst_and_add_payment" time="0.661" /><testcase classname="tests.test_iter25_refactor_live_workflows.TestW8PDF" name="test_invoice_pdf" time="0.142" /><testcase classname="tests.test_iter25_refactor_live_workflows.TestW8PDF" name="test_lr_pdf" time="0.115" /><testcase classname="tests.test_iter25_refactor_live_workflows.TestW9Reports" name="test_report_ok[/dashboard]" time="0.093" /><testcase classname="tests.test_iter25_refactor_live_workflows.TestW9Reports" name="test_report_ok[/reports/pl]" time="0.093" /><testcase classname="tests.test_iter25_refactor_live_workflows.TestW9Reports" name="test_report_ok[/reports/balance-sheet]" time="0.096" /><testcase classname="tests.test_iter25_refactor_live_workflows.TestW9Reports" name="test_report_ok[/reports/halting]" time="0.090" /><testcase classname="tests.test_iter25_refactor_live_workflows.TestW9Reports" name="test_report_ok[/reports/gst-summary]" time="0.090" /><testcase classname="tests.test_iter25_refactor_live_workflows.TestW9Reports" name="test_report_ok[/reports/supplier-pl]" time="0.092" /><testcase classname="tests.test_iter25_refactor_live_workflows.TestW9Reports" name="test_report_ok[/invoices/overdue]" time="0.093" /><testcase classname="tests.test_iter25_refactor_live_workflows.TestW9Reports" name="test_gstr1" time="0.096" /><testcase classname="tests.test_iter25_refactor_live_workflows.TestW9Reports" name="test_ledger" time="0.095" /><testcase classname="tests.test_iter25_refactor_live_workflows.TestW10GST" name="test_gst_same_state_cgst_sgst" time="0.213" /><testcase classname="tests.test_iter25_refactor_live_workflows.TestW10GST" name="test_gst_different_state_igst" time="0.203" /><testcase classname="tests.test_iter25_refactor_live_workflows.TestW10GST" name="test_rcm_true_zero_effective_tax" time="0.201" /><testcase classname="tests.test_iter25_refactor_live_workflows.TestW11Profit" name="test_own_vehicle_profit" time="0.103" /><testcase classname="tests.test_iter25_refactor_live_workflows.TestW11Profit" name="test_supplier_vehicle_profit" time="0.095" /><testcase classname="tests.test_iter25_refactor_live_workflows.TestW12PrintFormats" name="test_ledger_pdf" time="0.104" /><testcase classname="tests.test_iter25_refactor_live_workflows.TestW12PrintFormats" name="test_rupee_symbol_and_font" time="1.287" /></testsuite></testsuites>