<?xml version="1.0" encoding="utf-8"?><testsuites name="pytest tests"><testsuite name="pytest" errors="0" failures="0" skipped="0" tests="6" time="3.695" timestamp="2026-08-06T09:44:43.090048+00:00" hostname="agent-env-a4e490e2-9c97-4db7-896b-74e67972fa90"><testcase classname="tests.test_iter17_diesel_advance_deductions" name="test_01_single_trip_deductions_and_invoice_totals" time="0.748" /><testcase classname="tests.test_iter17_diesel_advance_deductions" name="test_02_multi_trip_aggregation" time="0.641" /><testcase classname="tests.test_iter17_diesel_advance_deductions" name="test_03_edit_trip_recomputes_invoice" time="0.318" /><testcase classname="tests.test_iter17_diesel_advance_deductions" name="test_04_pdf_labels" time="0.259" /><testcase classname="tests.test_iter17_diesel_advance_deductions" name="test_05_regression_no_reduction" time="0.477" /><testcase classname="tests.test_iter17_diesel_advance_deductions" name="test_06_multi_company_scoping" time="0.484" /></testsuite></testsuites>