<?xml version="1.0" encoding="utf-8"?><testsuites name="pytest tests"><testsuite name="pytest" errors="0" failures="0" skipped="0" tests="32" time="3.429" timestamp="2026-08-12T16:30:29.759777+00:00" hostname="agent-env-a4e490e2-9c97-4db7-896b-74e67972fa90"><testcase classname="tests.test_iter59_driver_shortage_policy" name="test_policy_crud" time="0.389" /><testcase classname="tests.test_iter61_driver_salary_ledger" name="test_salary_master_create_and_rollover" time="0.484" /><testcase classname="tests.test_iter59_driver_shortage_policy" name="test_resolve_uses_trip_date" time="0.154" /><testcase classname="tests.test_iter61_driver_salary_ledger" name="test_manual_ledger_and_system_guard" time="0.221" /><testcase classname="tests.test_iter59_driver_shortage_policy" name="test_shortage_below_limit_no_recovery" time="0.057" /><testcase classname="tests.test_iter59_driver_shortage_policy" name="test_shortage_equal_limit_no_recovery" time="0.041" /><testcase classname="tests.test_iter59_driver_shortage_policy" name="test_shortage_above_limit_recovery" time="0.069" /><testcase classname="tests.test_iter61_driver_salary_ledger" name="test_monthly_salary_posting_historical_accuracy" time="0.219" /><testcase classname="tests.test_iter59_driver_shortage_policy" name="test_shortage_150_limit_150_no_recovery" time="0.072" /><testcase classname="tests.test_iter59_driver_shortage_policy" name="test_trip_update_preserves_snapshot" time="0.134" /><testcase classname="tests.test_iter59_driver_shortage_policy" name="test_policy_change_does_not_recalc_old_trips" time="0.194" /><testcase classname="tests.test_iter61_driver_salary_ledger" name="test_monthly_settlement_flow" time="0.185" /><testcase classname="tests.test_iter61_driver_salary_ledger" name="test_trip_recovery_auto_sync" time="0.097" /><testcase classname="tests.test_iter59_driver_shortage_policy" name="test_manual_override" time="0.274" /><testcase classname="tests.test_iter61_driver_salary_ledger" name="test_trip_update_ledger_sync" time="0.211" /><testcase classname="tests.test_iter59_driver_shortage_policy" name="test_multi_company_isolation" time="0.259" /><testcase classname="tests.test_iter61_driver_salary_ledger" name="test_trip_delete_ledger_cleanup" time="0.189" /><testcase classname="tests.test_iter61_driver_salary_ledger" name="test_ledger_totals_and_running_balance" time="0.034" /><testcase classname="tests.test_iter61_driver_salary_ledger" name="test_monthly_rollup" time="0.056" /><testcase classname="tests.test_iter61_driver_salary_ledger" name="test_export_csv" time="0.034" /><testcase classname="tests.test_iter61_driver_salary_ledger" name="test_export_pdf" time="0.083" /><testcase classname="tests.test_iter61_driver_salary_ledger" name="test_multi_company_isolation" time="0.182" /><testcase classname="tests.test_iter60_driver_history_and_policy_pagination" name="test_driver_trip_history_shape" time="0.527" /><testcase classname="tests.test_iter60_driver_history_and_policy_pagination" name="test_driver_trip_history_isolates_other_driver" time="0.111" /><testcase classname="tests.test_iter60_driver_history_and_policy_pagination" name="test_driver_trip_history_date_range" time="0.053" /><testcase classname="tests.test_iter60_driver_history_and_policy_pagination" name="test_driver_trip_history_edit_updates_but_snapshot_preserved" time="0.215" /><testcase classname="tests.test_iter60_driver_history_and_policy_pagination" name="test_driver_trip_history_404_for_missing_driver" time="0.026" /><testcase classname="tests.test_iter60_driver_history_and_policy_pagination" name="test_driver_trip_history_multi_company_isolation" time="0.101" /><testcase classname="tests.test_iter60_driver_history_and_policy_pagination" name="test_policy_list_paginated_shape" time="0.030" /><testcase classname="tests.test_iter60_driver_history_and_policy_pagination" name="test_policy_search" time="0.057" /><testcase classname="tests.test_iter60_driver_history_and_policy_pagination" name="test_policy_deactivate_requires_reason" time="0.116" /><testcase classname="tests.test_iter60_driver_history_and_policy_pagination" name="test_frontend_iter60_testids" time="0.000" /></testsuite></testsuites>