<?xml version="1.0" encoding="utf-8"?><testsuites name="pytest tests"><testsuite name="pytest" errors="0" failures="1" skipped="0" tests="5" time="7.769" timestamp="2026-08-08T13:15:38.182579+00:00" hostname="agent-env-a4e490e2-9c97-4db7-896b-74e67972fa90"><testcase classname="tests.test_iter33_extras" name="test_public_file_rejects_invalid_prefix" time="0.010" /><testcase classname="tests.test_iter33_extras" name="test_public_file_rejects_traversal_prefix" time="0.005" /><testcase classname="tests.test_iter33_extras" name="test_report_pdf_has_report_spec_header" time="3.933" /><testcase classname="tests.test_iter33_extras" name="test_insights_response_schema" time="0.007"><failure message="AssertionError: assert 'stats_snapshot' in {'insights': ['🟢 8 trips లో ₹88,500 profit రావడం చాలా మంచి sign, profit margin is very strong.', '🔴 Revenue ₹1,52,500 ఉన్నా total billed ₹0 ఉంది, వెంటనే Invoices generate చేయండి.', '🟡 Total received amount ₹0 ఉంది, cash flow issues రాకుండా payments follow-up start చేయాలి.', '🟢 Average revenue per trip ₹19,000 పైనే ఉంది, maintain this operational efficiency.', '🟢 High profit levels చూస్తుంటే growth potential ఉంది, scale up for more revenue.'], 'generated_at': '2026-08-08T13:14:54.355250+00:00', 'cached': True}">backend/tests/test_iter33_extras.py:56: in test_insights_response_schema
    assert "stats_snapshot" in d
E   AssertionError: assert 'stats_snapshot' in {'insights': ['🟢 8 trips లో ₹88,500 profit రావడం చాలా మంచి sign, profit margin is very strong.', '🔴 Revenue ₹1,52,500 ఉన్నా total billed ₹0 ఉంది, వెంటనే Invoices generate చేయండి.', '🟡 Total received amount ₹0 ఉంది, cash flow issues రాకుండా payments follow-up start చేయాలి.', '🟢 Average revenue per trip ₹19,000 పైనే ఉంది, maintain this operational efficiency.', '🟢 High profit levels చూస్తుంటే growth potential ఉంది, scale up for more revenue.'], 'generated_at': '2026-08-08T13:14:54.355250+00:00', 'cached': True}</failure></testcase><testcase classname="tests.test_iter33_extras" name="test_share_lr_public_url_downloadable_without_auth" time="3.099" /></testsuite></testsuites>