<?xml version="1.0" encoding="utf-8"?><testsuites name="pytest tests"><testsuite name="pytest" errors="0" failures="0" skipped="0" tests="4" time="7.144" timestamp="2026-08-13T04:46:08.561720+00:00" hostname="agent-env-a4e490e2-9c97-4db7-896b-74e67972fa90"><testcase classname="tests.test_iter67_invoice_pdf_ship_to_ref" name="test_invoice_pdf_same_ship_site_renders" time="2.388" /><testcase classname="tests.test_iter67_invoice_pdf_ship_to_ref" name="test_invoice_pdf_mixed_ship_sites_renders" time="1.296" /><testcase classname="tests.test_iter67_invoice_pdf_ship_to_ref" name="test_invoice_pdf_customer_ref_blank_no_inheritance" time="1.304" /><testcase classname="tests.test_iter67_invoice_pdf_ship_to_ref" name="test_invoice_pdf_no_ship_site_uses_fallback" time="0.999" /></testsuite></testsuites>