<?xml version="1.0" encoding="utf-8"?><testsuites name="pytest tests"><testsuite name="pytest" errors="0" failures="0" skipped="0" tests="13" time="6.400" timestamp="2026-08-05T12:01:03.124056+00:00" hostname="agent-env-a4e490e2-9c97-4db7-896b-74e67972fa90"><testcase classname="tests.test_iter7_features.TestBackwardCompat" name="test_endpoints_still_ok" time="2.660" /><testcase classname="tests.test_iter7_features.TestTeamRBAC" name="test_01_team_me_owner" time="0.313" /><testcase classname="tests.test_iter7_features.TestTeamRBAC" name="test_02_create_team_member" time="0.560" /><testcase classname="tests.test_iter7_features.TestTeamRBAC" name="test_03_duplicate_returns_400" time="0.154" /><testcase classname="tests.test_iter7_features.TestTeamRBAC" name="test_04_role_owner_silently_downgrades" time="0.369" /><testcase classname="tests.test_iter7_features.TestTeamRBAC" name="test_05_update_role_to_viewer" time="0.158" /><testcase classname="tests.test_iter7_features.TestTeamRBAC" name="test_06_delete_member" time="0.517" /><testcase classname="tests.test_iter7_features.TestBackwardCompat" name="test_trip_put_after_invoicing_still_works" time="1.297" /><testcase classname="tests.test_iter7_features.TestSupplierPL" name="test_01_supplier_pl_aggregation" time="0.837" /><testcase classname="tests.test_iter7_features.TestSupplierPL" name="test_02_date_filter_excludes" time="0.846" /><testcase classname="tests.test_iter7_features.TestBackwardCompat" name="test_audit_logs_listing" time="0.155" /><testcase classname="tests.test_iter7_features.TestOwnerDeleteRegression" name="test_owner_can_delete_trip_with_reason" time="0.808" /><testcase classname="tests.test_iter7_features.TestInvoiceSnapshot" name="test_snapshot_created_on_put" time="2.190" /></testsuite></testsuites>