<?xml version="1.0" encoding="utf-8"?><testsuites name="pytest tests"><testsuite name="pytest" errors="0" failures="0" skipped="0" tests="10" time="2.932" timestamp="2026-08-11T05:35:43.246062+00:00" hostname="agent-env-a4e490e2-9c97-4db7-896b-74e67972fa90"><testcase classname="tests.test_iter60_driver_history_and_policy_pagination" name="test_driver_trip_history_shape" time="0.761" /><testcase classname="tests.test_iter60_driver_history_and_policy_pagination" name="test_driver_trip_history_isolates_other_driver" time="0.199" /><testcase classname="tests.test_iter60_driver_history_and_policy_pagination" name="test_driver_trip_history_date_range" time="0.094" /><testcase classname="tests.test_iter60_driver_history_and_policy_pagination" name="test_driver_trip_history_edit_updates_but_snapshot_preserved" time="0.355" /><testcase classname="tests.test_iter60_driver_history_and_policy_pagination" name="test_driver_trip_history_404_for_missing_driver" time="0.075" /><testcase classname="tests.test_iter60_driver_history_and_policy_pagination" name="test_driver_trip_history_multi_company_isolation" time="0.177" /><testcase classname="tests.test_iter60_driver_history_and_policy_pagination" name="test_policy_list_paginated_shape" time="0.039" /><testcase classname="tests.test_iter60_driver_history_and_policy_pagination" name="test_policy_search" time="0.104" /><testcase classname="tests.test_iter60_driver_history_and_policy_pagination" name="test_policy_deactivate_requires_reason" time="0.250" /><testcase classname="tests.test_iter60_driver_history_and_policy_pagination" name="test_frontend_iter60_testids" time="0.000" /></testsuite></testsuites>