<?xml version="1.0" encoding="utf-8"?><testsuites name="pytest tests"><testsuite name="pytest" errors="0" failures="0" skipped="0" tests="8" time="5.873" timestamp="2026-08-15T14:08:33.097076+00:00" hostname="agent-env-a4e490e2-9c97-4db7-896b-74e67972fa90"><testcase classname="tests.test_iter77_dashboard_reload.TestPrimaryEndpoints" name="test_dashboard" time="0.635" /><testcase classname="tests.test_iter77_dashboard_reload.TestPrimaryEndpoints" name="test_gst_summary" time="0.184" /><testcase classname="tests.test_iter77_dashboard_reload.TestPrimaryEndpoints" name="test_overdue_invoices" time="0.195" /><testcase classname="tests.test_iter77_dashboard_reload.TestFeatureSpotChecks" name="test_customers_list" time="0.500" /><testcase classname="tests.test_iter77_dashboard_reload.TestFeatureSpotChecks" name="test_suppliers_list" time="0.949" /><testcase classname="tests.test_iter77_dashboard_reload.TestFeatureSpotChecks" name="test_invoices_list" time="0.308" /><testcase classname="tests.test_iter77_dashboard_reload.TestFeatureSpotChecks" name="test_auth_me" time="0.136" /><testcase classname="tests.test_iter77_dashboard_reload.TestHotReloadRecovery" name="test_dashboard_recovers_after_restart" time="2.909" /></testsuite></testsuites>