<?xml version="1.0" encoding="utf-8"?><testsuites name="pytest tests"><testsuite name="pytest" errors="0" failures="2" skipped="0" tests="13" time="42.191" timestamp="2026-08-07T11:17:00.719244+00:00" hostname="agent-env-a4e490e2-9c97-4db7-896b-74e67972fa90"><testcase classname="tests.test_iter17_diesel_advance_deductions" name="test_01_single_trip_deductions_and_invoice_totals" time="0.479" /><testcase classname="tests.test_iter17_diesel_advance_deductions" name="test_02_multi_trip_aggregation" time="0.404" /><testcase classname="tests.test_iter17_diesel_advance_deductions" name="test_03_edit_trip_recomputes_invoice" time="0.219" /><testcase classname="tests.test_iter17_diesel_advance_deductions" name="test_04_pdf_labels" time="0.399" /><testcase classname="tests.test_multi_company_iso" name="test_master_isolation[/customers-CustA-PYT-CustB-PYT]" time="1.498" /><testcase classname="tests.test_multi_company_iso" name="test_master_isolation[/vehicles-AP01PYT0001-TS01PYT0002]" time="0.215" /><testcase classname="tests.test_iter17_diesel_advance_deductions" name="test_05_regression_no_reduction" time="0.318" /><testcase classname="tests.test_multi_company_iso" name="test_master_isolation[/drivers-DrvA-PYT-DrvB-PYT]" time="0.204" /><testcase classname="tests.test_iter17_diesel_advance_deductions" name="test_06_multi_company_scoping" time="0.362" /><testcase classname="tests.test_multi_company_iso" name="test_master_isolation[/products-ProdA-PYT-ProdB-PYT]" time="0.242" /><testcase classname="tests.test_multi_company_iso" name="test_master_isolation[/parties-PtyA-PYT-PtyB-PYT]" time="0.205"><failure message="AssertionError: expected PtyA-PYT in A's /parties, got []&#10;assert 'PtyA-PYT' in []">backend/tests/test_multi_company_iso.py:77: in test_master_isolation
    assert keyA in a_names, f"expected {keyA} in A's {path}, got {a_names}"
E   AssertionError: expected PtyA-PYT in A's /parties, got []
E   assert 'PtyA-PYT' in []</failure></testcase><testcase classname="tests.test_multi_company_iso" name="test_trip_and_invoice_isolation" time="1.074"><failure message="AssertionError: trips leaked A: A_ids=['trip_59bf90a96a5b4543', 'trip_69e9f66263694d00'] trB=trip_69e9f66263694d00&#10;assert ('trip_59bf90a96a5b4543' in ['trip_59bf90a96a5b4543', 'trip_69e9f66263694d00'] and 'trip_69e9f66263694d00' not in ['trip_59bf90a96a5b4543', 'trip_69e9f66263694d00'])">backend/tests/test_multi_company_iso.py:102: in test_trip_and_invoice_isolation
    assert trA["id"] in a_ids and trB["id"] not in a_ids, f"trips leaked A: A_ids={a_ids} trB={trB['id']}"
E   AssertionError: trips leaked A: A_ids=['trip_59bf90a96a5b4543', 'trip_69e9f66263694d00'] trB=trip_69e9f66263694d00
E   assert ('trip_59bf90a96a5b4543' in ['trip_59bf90a96a5b4543', 'trip_69e9f66263694d00'] and 'trip_69e9f66263694d00' not in ['trip_59bf90a96a5b4543', 'trip_69e9f66263694d00'])</failure></testcase><testcase classname="tests.test_multi_company_iso" name="test_reports_are_company_scoped" time="38.003" /></testsuite></testsuites>