<?xml version="1.0" encoding="utf-8"?><testsuites name="pytest tests"><testsuite name="pytest" errors="0" failures="0" skipped="0" tests="5" time="59.116" timestamp="2026-08-08T15:25:47.127502+00:00" hostname="agent-env-a4e490e2-9c97-4db7-896b-74e67972fa90"><testcase classname="tests.test_iter38_party_details_advance" name="test_customer_model_new_fields" time="0.061" /><testcase classname="tests.test_iter38_party_details_advance" name="test_add_payment_surplus_becomes_advance" time="0.030" /><testcase classname="tests.test_iter38_party_details_advance" name="test_add_payment_with_photo" time="58.487" /><testcase classname="tests.test_iter38_party_details_advance" name="test_reminders_digest_manual_run" time="0.015" /><testcase classname="tests.test_iter38_party_details_advance" name="test_customer_reminder_pref_toggle" time="0.021" /></testsuite></testsuites>