<?xml version="1.0" encoding="utf-8"?><testsuites name="pytest tests"><testsuite name="pytest" errors="0" failures="0" skipped="0" tests="6" time="3.084" timestamp="2026-08-15T14:24:30.700413+00:00" hostname="agent-env-a4e490e2-9c97-4db7-896b-74e67972fa90"><testcase classname="tests.test_iter79_invoice_view" name="test_trips_ids_single" time="0.796" /><testcase classname="tests.test_iter79_invoice_view" name="test_trips_ids_bulk_and_bogus_filtered" time="0.688" /><testcase classname="tests.test_iter79_invoice_view" name="test_trips_ids_only_commas_returns_empty" time="0.158" /><testcase classname="tests.test_iter79_invoice_view" name="test_trips_ids_unknown_returns_empty_list" time="0.208" /><testcase classname="tests.test_iter79_invoice_view" name="test_trips_ids_bypasses_2000_cap" time="0.493" /><testcase classname="tests.test_iter79_invoice_view" name="test_invoice_pdf_still_works" time="0.433" /></testsuite></testsuites>