<?xml version="1.0" encoding="utf-8"?><testsuites name="pytest tests"><testsuite name="pytest" errors="0" failures="0" skipped="0" tests="7" time="8.176" timestamp="2026-08-06T06:35:31.853532+00:00" hostname="agent-env-a4e490e2-9c97-4db7-896b-74e67972fa90"><testcase classname="tests.test_iter12_features.TestAutoGST" name="test_same_state_overrides_to_cgst_sgst" time="1.677" /><testcase classname="tests.test_iter12_features.TestRoundOff" name="test_round_off_down" time="1.612" /><testcase classname="tests.test_iter12_features.TestRoundOff" name="test_round_off_up" time="1.648" /><testcase classname="tests.test_iter12_features.TestAutoGST" name="test_different_state_overrides_to_igst" time="1.641" /><testcase classname="tests.test_iter12_features.TestRecompute" name="test_edit_trip_reruns_gst_and_roundoff" time="2.017" /><testcase classname="tests.test_iter12_features.TestInvoiceFields" name="test_all_new_fields_present" time="2.792" /><testcase classname="tests.test_iter12_features.TestPDF" name="test_pdf_renders_all_features" time="2.267" /></testsuite></testsuites>