<?xml version="1.0" encoding="utf-8"?><testsuites name="pytest tests"><testsuite name="pytest" errors="0" failures="0" skipped="0" tests="7" time="3.236" timestamp="2026-08-08T12:10:16.121249+00:00" hostname="agent-env-a4e490e2-9c97-4db7-896b-74e67972fa90"><testcase classname="tests.test_iter31_lr_autogen" name="test_auth_ok" time="0.197" /><testcase classname="tests.test_iter31_lr_autogen" name="test_auto_lr_sequential_same_company" time="0.950" /><testcase classname="tests.test_iter31_lr_autogen" name="test_custom_lr_preserved_no_seq_increment" time="0.326" /><testcase classname="tests.test_iter31_lr_autogen" name="test_per_company_scope" time="0.576" /><testcase classname="tests.test_iter31_lr_autogen" name="test_get_trips_includes_lr_number" time="0.270" /><testcase classname="tests.test_iter31_lr_autogen" name="test_duplicate_resets_lr" time="0.347" /><testcase classname="tests.test_iter31_lr_autogen" name="test_lr_pdf_backward_compat_autoassign" time="0.510" /></testsuite></testsuites>