<?xml version="1.0" encoding="utf-8"?><testsuites name="pytest tests"><testsuite name="pytest" errors="0" failures="0" skipped="0" tests="11" time="48.387" timestamp="2026-08-12T10:18:33.861440+00:00" hostname="agent-env-a4e490e2-9c97-4db7-896b-74e67972fa90"><testcase classname="tests.test_iter57_login_stability.TestAuthEndpointsStability" name="test_health_5x" time="0.535" /><testcase classname="tests.test_iter57_login_stability.TestPostRestartResilience" name="test_me_10x" time="1.164" /><testcase classname="tests.test_iter57_login_stability.TestAuthEndpointsStability" name="test_demo_login_5x" time="0.478" /><testcase classname="tests.test_iter57_login_stability.TestAuthEndpointsStability" name="test_me_5x" time="0.610" /><testcase classname="tests.test_iter57_login_stability.TestPostRestartResilience" name="test_me_after_30s_stale" time="30.368" /><testcase classname="tests.test_iter57_login_stability.TestAuthEndpointsStability" name="test_session_bogus_5x" time="0.780" /><testcase classname="tests.test_iter57_login_stability.TestAuthEndpointsStability" name="test_logout_5x" time="0.915" /><testcase classname="tests.test_iter57_login_stability.TestTripEditPreservesRecovery" name="test_edit_first_trip" time="1.301" /><testcase classname="tests.test_iter57_login_stability.TestMultiCompanyIsolation" name="test_isolation" time="1.818" /><testcase classname="tests.test_iter57_login_stability.TestLogoutLoginRoundTrip" name="test_full_roundtrip" time="0.410" /><testcase classname="tests.test_iter57_login_stability.TestTripCreationStale" name="test_create_after_delay" time="16.129" /></testsuite></testsuites>