<?xml version="1.0" encoding="utf-8"?><testsuites name="pytest tests"><testsuite name="pytest" errors="0" failures="0" skipped="0" tests="30" time="7.120" timestamp="2026-08-08T06:30:46.258927+00:00" hostname="agent-env-a4e490e2-9c97-4db7-896b-74e67972fa90"><testcase classname="tests.test_iter25_refactor_live_workflows.TestW1Auth" name="test_auth_me_bearer" time="0.191" /><testcase classname="tests.test_iter25_refactor_live_workflows.TestW1Auth" name="test_auth_logout_reachable" time="0.112" /><testcase classname="tests.test_iter25_refactor_live_workflows.TestW2Companies" name="test_create_two_companies_and_switch" time="0.339" /><testcase classname="tests.test_iter25_refactor_live_workflows.TestW2Companies" name="test_set_default_and_company_scoping" time="0.284" /><testcase classname="tests.test_iter25_refactor_live_workflows.TestW3Masters" name="test_customer_crud_and_isolation" time="0.562" /><testcase classname="tests.test_iter25_refactor_live_workflows.TestW3Masters" name="test_vehicle_driver_product_party_crud" time="0.793" /><testcase classname="tests.test_iter25_refactor_live_workflows.TestW4TripCreate" name="test_per_ton_trip_auto_freight" time="0.095" /><testcase classname="tests.test_iter25_refactor_live_workflows.TestW4TripCreate" name="test_fixed_mode_trip" time="0.092" /><testcase classname="tests.test_iter25_refactor_live_workflows.TestW4TripCreate" name="test_round_trip_halting" time="0.092" /><testcase classname="tests.test_iter25_refactor_live_workflows.TestW5TripEdit" name="test_put_trip_recomputes" time="0.298" /><testcase classname="tests.test_iter25_refactor_live_workflows.TestW6InvoiceCreate" name="test_create_invoice_from_per_ton_trip" time="0.102" /><testcase classname="tests.test_iter25_refactor_live_workflows.TestW7InvoiceEdit" name="test_switch_to_igst_and_add_payment" time="0.567" /><testcase classname="tests.test_iter25_refactor_live_workflows.TestW8PDF" name="test_invoice_pdf" time="0.189" /><testcase classname="tests.test_iter25_refactor_live_workflows.TestW8PDF" name="test_lr_pdf" time="0.118" /><testcase classname="tests.test_iter25_refactor_live_workflows.TestW9Reports" name="test_report_ok[/dashboard]" time="0.098" /><testcase classname="tests.test_iter25_refactor_live_workflows.TestW9Reports" name="test_report_ok[/reports/pl]" time="0.091" /><testcase classname="tests.test_iter25_refactor_live_workflows.TestW9Reports" name="test_report_ok[/reports/balance-sheet]" time="0.096" /><testcase classname="tests.test_iter25_refactor_live_workflows.TestW9Reports" name="test_report_ok[/reports/halting]" time="0.093" /><testcase classname="tests.test_iter25_refactor_live_workflows.TestW9Reports" name="test_report_ok[/reports/gst-summary]" time="0.093" /><testcase classname="tests.test_iter25_refactor_live_workflows.TestW9Reports" name="test_report_ok[/reports/supplier-pl]" time="0.095" /><testcase classname="tests.test_iter25_refactor_live_workflows.TestW9Reports" name="test_report_ok[/invoices/overdue]" time="0.099" /><testcase classname="tests.test_iter25_refactor_live_workflows.TestW9Reports" name="test_gstr1" time="0.099" /><testcase classname="tests.test_iter25_refactor_live_workflows.TestW9Reports" name="test_ledger" time="0.089" /><testcase classname="tests.test_iter25_refactor_live_workflows.TestW10GST" name="test_gst_same_state_cgst_sgst" time="0.196" /><testcase classname="tests.test_iter25_refactor_live_workflows.TestW10GST" name="test_gst_different_state_igst" time="0.206" /><testcase classname="tests.test_iter25_refactor_live_workflows.TestW10GST" name="test_rcm_true_zero_effective_tax" time="0.200" /><testcase classname="tests.test_iter25_refactor_live_workflows.TestW11Profit" name="test_own_vehicle_profit" time="0.089" /><testcase classname="tests.test_iter25_refactor_live_workflows.TestW11Profit" name="test_supplier_vehicle_profit" time="0.105" /><testcase classname="tests.test_iter25_refactor_live_workflows.TestW12PrintFormats" name="test_ledger_pdf" time="0.102" /><testcase classname="tests.test_iter25_refactor_live_workflows.TestW12PrintFormats" name="test_rupee_symbol_and_font" time="1.431" /></testsuite></testsuites>