<?xml version="1.0" encoding="utf-8"?><testsuites name="pytest tests"><testsuite name="pytest" errors="0" failures="0" skipped="0" tests="7" time="7.160" timestamp="2026-08-06T10:59:18.024958+00:00" hostname="agent-env-a4e490e2-9c97-4db7-896b-74e67972fa90"><testcase classname="tests.test_multi_company_iso" name="test_master_isolation[/customers-CustA-PYT-CustB-PYT]" time="1.754" /><testcase classname="tests.test_multi_company_iso" name="test_master_isolation[/vehicles-AP01PYT0001-TS01PYT0002]" time="0.250" /><testcase classname="tests.test_multi_company_iso" name="test_master_isolation[/drivers-DrvA-PYT-DrvB-PYT]" time="0.234" /><testcase classname="tests.test_multi_company_iso" name="test_master_isolation[/products-ProdA-PYT-ProdB-PYT]" time="0.245" /><testcase classname="tests.test_multi_company_iso" name="test_master_isolation[/parties-PtyA-PYT-PtyB-PYT]" time="0.248" /><testcase classname="tests.test_multi_company_iso" name="test_trip_and_invoice_isolation" time="1.480" /><testcase classname="tests.test_multi_company_iso" name="test_reports_are_company_scoped" time="2.459" /></testsuite></testsuites>