<?xml version="1.0" encoding="utf-8"?><testsuites name="pytest tests"><testsuite name="pytest" errors="0" failures="0" skipped="0" tests="7" time="1.604" timestamp="2026-08-14T11:04:06.040759+00:00" hostname="agent-env-a4e490e2-9c97-4db7-896b-74e67972fa90"><testcase classname="tests.test_iter72_quickadd_sync" name="test_ship_site_dedup_and_first_becomes_default" time="0.200" /><testcase classname="tests.test_iter72_quickadd_sync" name="test_ship_site_blank_name_rejected" time="0.128" /><testcase classname="tests.test_iter72_quickadd_sync" name="test_vehicle_dedup_by_number_within_company" time="0.134" /><testcase classname="tests.test_iter72_quickadd_sync" name="test_vehicle_supplier_id_required_for_supplier_type" time="0.103" /><testcase classname="tests.test_iter72_quickadd_sync" name="test_vehicle_supplier_hydrates_from_master_and_ignores_client_text" time="0.152" /><testcase classname="tests.test_iter72_quickadd_sync" name="test_vehicle_own_never_carries_supplier_text" time="0.104" /><testcase classname="tests.test_iter72_quickadd_sync" name="test_vehicle_supplier_cross_tenant_rejected" time="0.341" /></testsuite></testsuites>