<?xml version="1.0" encoding="utf-8"?><testsuites name="pytest tests"><testsuite name="pytest" errors="0" failures="0" skipped="0" tests="4" time="6.109" timestamp="2026-08-09T10:32:34.628580+00:00" hostname="agent-env-a4e490e2-9c97-4db7-896b-74e67972fa90"><testcase classname="tests.test_iter41_voice_tpl_analytics_supplier" name="test_expenditure_breakdown_aggregates_by_type" time="0.023" /><testcase classname="tests.test_iter41_voice_tpl_analytics_supplier" name="test_supplier_statement_pdf_renders_with_totals_and_remarks" time="0.147" /><testcase classname="tests.test_iter41_voice_tpl_analytics_supplier" name="test_supplier_statement_404_when_no_trips" time="0.006" /><testcase classname="tests.test_iter41_voice_tpl_analytics_supplier" name="test_ai_parse_template_endpoint_exists" time="5.424" /></testsuite></testsuites>