<?xml version="1.0" encoding="utf-8"?><testsuites name="pytest tests"><testsuite name="pytest" errors="0" failures="0" skipped="0" tests="8" time="2.516" timestamp="2026-08-09T14:37:15.050451+00:00" hostname="agent-env-a4e490e2-9c97-4db7-896b-74e67972fa90"><testcase classname="tests.test_iter47_phase3_supplier_deep" name="test_supplier_trip_requires_supplier_id" time="0.160" /><testcase classname="tests.test_iter47_phase3_supplier_deep" name="test_supplier_trip_with_valid_supplier_id_ok" time="0.154" /><testcase classname="tests.test_iter47_phase3_supplier_deep" name="test_supplier_trip_resolves_from_supplier_name" time="0.118" /><testcase classname="tests.test_iter47_phase3_supplier_deep" name="test_deep_block_master_mode" time="0.201" /><testcase classname="tests.test_iter47_phase3_supplier_deep" name="test_deep_block_carry_forward_mode" time="0.199" /><testcase classname="tests.test_iter47_phase3_supplier_deep" name="test_pdf_has_deep_statement_labels" time="0.264" /><testcase classname="tests.test_iter47_phase3_supplier_deep" name="test_update_trip_preserves_supplier_link" time="0.198" /><testcase classname="tests.test_iter47_phase3_supplier_deep" name="test_update_supplier_trip_blocks_removing_supplier" time="0.149" /></testsuite></testsuites>