<?xml version="1.0" encoding="utf-8"?><testsuites name="pytest tests"><testsuite name="pytest" errors="0" failures="0" skipped="0" tests="13" time="7.644" timestamp="2026-08-10T17:27:40.467831+00:00" hostname="agent-env-a4e490e2-9c97-4db7-896b-74e67972fa90"><testcase classname="tests.test_iter58_bulk_actions_ipburst_sparkdrill" name="test_bulk_invoice_preflight_ok" time="0.804" /><testcase classname="tests.test_iter58_bulk_actions_ipburst_sparkdrill" name="test_bulk_invoice_preflight_mixed_customers" time="0.249" /><testcase classname="tests.test_iter58_bulk_actions_ipburst_sparkdrill" name="test_bulk_invoice_creates_real_invoice" time="0.843" /><testcase classname="tests.test_iter58_bulk_actions_ipburst_sparkdrill" name="test_bulk_invoice_preflight_rejects_already_invoiced" time="0.194" /><testcase classname="tests.test_iter58_bulk_actions_ipburst_sparkdrill" name="test_bulk_delete_requires_reason" time="0.200" /><testcase classname="tests.test_iter58_bulk_actions_ipburst_sparkdrill" name="test_bulk_delete_invoiced_requires_force" time="0.213" /><testcase classname="tests.test_iter58_bulk_actions_ipburst_sparkdrill" name="test_bulk_delete_with_force_recomputes_invoice" time="1.189" /><testcase classname="tests.test_iter58_bulk_actions_ipburst_sparkdrill" name="test_export_accepts_trip_ids" time="0.297" /><testcase classname="tests.test_iter58_bulk_actions_ipburst_sparkdrill" name="test_export_trip_ids_respects_company" time="0.281" /><testcase classname="tests.test_iter58_bulk_actions_ipburst_sparkdrill" name="test_auth_ip_burst_fires_and_is_pii_safe" time="1.920" /><testcase classname="tests.test_iter58_bulk_actions_ipburst_sparkdrill" name="test_auth_failures_accepts_since_until" time="0.060" /><testcase classname="tests.test_iter58_bulk_actions_ipburst_sparkdrill" name="test_auth_failures_narrow_window_returns_subset" time="0.110" /><testcase classname="tests.test_iter58_bulk_actions_ipburst_sparkdrill" name="test_frontend_iter58_testids" time="0.001" /></testsuite></testsuites>