<?xml version="1.0" encoding="utf-8"?><testsuites name="pytest tests"><testsuite name="pytest" errors="0" failures="0" skipped="0" tests="22" time="1.799" timestamp="2026-08-05T13:30:21.145834+00:00" hostname="agent-env-a4e490e2-9c97-4db7-896b-74e67972fa90"><testcase classname="tests.test_iter9_lr_pdf.TestUnloadingDetailsColumnWise" name="test_unloading_section_title" time="0.696" /><testcase classname="tests.test_iter9_lr_pdf.TestUnloadingDetailsColumnWise" name="test_unloading_column_header_present[Date of Arrival]" time="0.000" /><testcase classname="tests.test_iter9_lr_pdf.TestUnloadingDetailsColumnWise" name="test_unloading_column_header_present[Arrival Time]" time="0.000" /><testcase classname="tests.test_iter9_lr_pdf.TestUnloadingDetailsColumnWise" name="test_unloading_column_header_present[Unloading Start]" time="0.000" /><testcase classname="tests.test_iter9_lr_pdf.TestUnloadingDetailsColumnWise" name="test_unloading_column_header_present[Unloading End]" time="0.000" /><testcase classname="tests.test_iter9_lr_pdf.TestUnloadingDetailsColumnWise" name="test_unloading_column_header_present[Date of Departure]" time="0.000" /><testcase classname="tests.test_iter9_lr_pdf.TestUnloadingDetailsColumnWise" name="test_unloading_column_header_present[Extra KM]" time="0.000" /><testcase classname="tests.test_iter9_lr_pdf.TestUnloadingDetailsColumnWise" name="test_unloading_column_header_present[Shortage]" time="0.000" /><testcase classname="tests.test_iter9_lr_pdf.TestUnloadingDetailsColumnWise" name="test_unloading_column_header_present[Temp]" time="0.000" /><testcase classname="tests.test_iter9_lr_pdf.TestUnloadingDetailsColumnWise" name="test_unloading_column_header_present[Seal]" time="0.000" /><testcase classname="tests.test_iter9_lr_pdf.TestUnloadingDetailsColumnWise" name="test_unloading_column_header_present[Remarks]" time="0.000" /><testcase classname="tests.test_iter9_lr_pdf.TestLRPdfRegression" name="test_two_pages" time="0.000" /><testcase classname="tests.test_iter9_lr_pdf.TestLRPdfRegression" name="test_page1_operational_data" time="0.000" /><testcase classname="tests.test_iter9_lr_pdf.TestLRPdfRegression" name="test_page2_terms_only" time="0.000" /><testcase classname="tests.test_iter9_lr_pdf.TestLRPdfFreightRemoved" name="test_freight_basis_not_on_page1" time="0.000" /><testcase classname="tests.test_iter9_lr_pdf.TestLRPdfFreightRemoved" name="test_freight_amount_not_on_page1" time="0.335" /><testcase classname="tests.test_iter9_lr_pdf.TestSiteOfficerSignatureColumnWise" name="test_site_officer_header_present[Site Officer Name]" time="0.771" /><testcase classname="tests.test_iter9_lr_pdf.TestSiteOfficerSignatureColumnWise" name="test_site_officer_header_present[Designation]" time="0.000" /><testcase classname="tests.test_iter9_lr_pdf.TestSiteOfficerSignatureColumnWise" name="test_site_officer_header_present[Mobile]" time="0.000" /><testcase classname="tests.test_iter9_lr_pdf.TestSiteOfficerSignatureColumnWise" name="test_site_officer_header_present[Signature]" time="0.000" /><testcase classname="tests.test_iter9_lr_pdf.TestSiteOfficerSignatureColumnWise" name="test_site_officer_header_present[Date]" time="0.000" /><testcase classname="tests.test_iter9_lr_pdf.TestSiteOfficerSignatureColumnWise" name="test_signature_stamp_and_date_time_combined" time="0.394" /></testsuite></testsuites>