<?xml version="1.0" encoding="utf-8"?><testsuites name="pytest tests"><testsuite name="pytest" errors="0" failures="0" skipped="0" tests="6" time="19.186" timestamp="2026-08-08T13:31:41.953098+00:00" hostname="agent-env-a4e490e2-9c97-4db7-896b-74e67972fa90"><testcase classname="tests.test_iter34_recurring_digest_voice" name="test_voice_parse_expense_context" time="2.346" /><testcase classname="tests.test_iter34_recurring_digest_voice" name="test_voice_parse_payment_context" time="2.558" /><testcase classname="tests.test_iter34_recurring_digest_voice" name="test_voice_parse_invoice_context" time="3.564" /><testcase classname="tests.test_iter34_recurring_digest_voice" name="test_daily_digest_returns_whatsapp_and_stats" time="0.139" /><testcase classname="tests.test_iter34_recurring_digest_voice" name="test_recurring_suggestions_detects_repeat_route" time="1.008" /><testcase classname="tests.test_iter34_recurring_digest_voice" name="test_insights_includes_mom_stats" time="9.048" /></testsuite></testsuites>