<?xml version="1.0" encoding="utf-8"?><testsuites name="pytest tests"><testsuite name="pytest" errors="0" failures="0" skipped="0" tests="5" time="3.300" timestamp="2026-08-08T14:38:30.130370+00:00" hostname="agent-env-a4e490e2-9c97-4db7-896b-74e67972fa90"><testcase classname="tests.test_iter36_customer_history" name="test_customer_transactions_returns_summary_and_txns" time="0.450" /><testcase classname="tests.test_iter36_customer_history" name="test_customer_transactions_filters" time="0.746" /><testcase classname="tests.test_iter36_customer_history" name="test_customer_statement_pdf" time="0.217" /><testcase classname="tests.test_iter36_customer_history" name="test_customer_share_statement_returns_whatsapp" time="0.849" /><testcase classname="tests.test_iter36_customer_history" name="test_customer_txn_history_txn_type_filter" time="0.505" /></testsuite></testsuites>