<?xml version="1.0" encoding="utf-8"?><testsuites name="pytest tests"><testsuite name="pytest" errors="0" failures="0" skipped="0" tests="22" time="5.329" timestamp="2026-08-05T09:01:05.095387+00:00" hostname="agent-env-a4e490e2-9c97-4db7-896b-74e67972fa90"><testcase classname="tests.test_iter2_features.TestInvoiceShare" name="test_01_setup" time="0.635" /><testcase classname="tests.test_iter2_features.TestDrivers" name="test_01_create_driver" time="0.363" /><testcase classname="tests.test_iter2_features.TestDrivers" name="test_02_list_drivers_has_stats_zero" time="0.166" /><testcase classname="tests.test_iter2_features.TestDrivers" name="test_03_driver_stats_aggregation" time="0.676" /><testcase classname="tests.test_iter2_features.TestInvoiceShare" name="test_02_share_token_creation" time="0.176" /><testcase classname="tests.test_iter2_features.TestInvoiceShare" name="test_03_share_token_idempotent" time="0.192" /><testcase classname="tests.test_iter2_features.TestInvoiceShare" name="test_04_public_pdf_no_auth" time="0.141" /><testcase classname="tests.test_iter2_features.TestInvoiceShare" name="test_05_public_pdf_wrong_token" time="0.191" /><testcase classname="tests.test_iter2_features.TestDrivers" name="test_04_update_driver" time="0.315" /><testcase classname="tests.test_iter2_features.TestInvoiceShare" name="test_99_cleanup" time="0.444" /><testcase classname="tests.test_iter2_features.TestDrivers" name="test_05_delete_driver" time="0.253" /><testcase classname="tests.test_iter2_features.TestDrivers" name="test_99_cleanup" time="0.505" /><testcase classname="tests.test_iter2_features.TestTripImport" name="test_01_import_template" time="0.192" /><testcase classname="tests.test_iter2_features.TestTripImport" name="test_02_setup_customer" time="0.261" /><testcase classname="tests.test_iter2_features.TestTripImport" name="test_03_import_csv" time="0.240" /><testcase classname="tests.test_iter2_features.TestDashboardReceivables" name="test_01_setup_unpaid_invoice" time="0.360" /><testcase classname="tests.test_iter2_features.TestTripImport" name="test_04_import_xlsx" time="0.224" /><testcase classname="tests.test_iter2_features.TestDashboardReceivables" name="test_02_dashboard_receivables_enriched" time="0.115" /><testcase classname="tests.test_iter2_features.TestTripImport" name="test_99_cleanup" time="0.751" /><testcase classname="tests.test_iter2_features.TestDashboardReceivables" name="test_99_cleanup" time="0.408" /><testcase classname="tests.test_iter2_features.TestRegressionSmoke" name="test_auth_me" time="0.128" /><testcase classname="tests.test_iter2_features.TestRegressionSmoke" name="test_list_endpoints" time="0.602" /></testsuite></testsuites>