<?xml version="1.0" encoding="utf-8"?><testsuites name="pytest tests"><testsuite name="pytest" errors="0" failures="0" skipped="3" tests="42" time="19.640" timestamp="2026-09-12T05:06:00.570117+00:00" hostname="agent-env-a4e490e2-9c97-4db7-896b-74e67972fa90"><testcase classname="tests.test_iter150c_fin_source_lookup" name="test_1_unsupported_source_type_returns_400" time="1.906" /><testcase classname="tests.test_iter150c_fin_source_lookup" name="test_2_missing_source_id_returns_404" time="0.177" /><testcase classname="tests.test_iter150c_fin_source_lookup" name="test_3_missing_auth_returns_401" time="0.252" /><testcase classname="tests.test_iter150c_fin_source_lookup" name="test_4_wallet_recharge_source_and_legs" time="0.354" /><testcase classname="tests.test_iter150c_fin_source_lookup" name="test_5_wallet_transfer_source_and_legs" time="0.387" /><testcase classname="tests.test_iter150c_fin_source_lookup" name="test_6_wallet_adjustment_source_and_legs" time="0.356" /><testcase classname="tests.test_iter150c_fin_source_lookup" name="test_7_wallet_adjustment_negative_direction" time="0.256" /><testcase classname="tests.test_iter150c_fin_source_lookup" name="test_8_canonical_sources_drill_through" time="0.769" /><testcase classname="tests.test_iter150c_fin_source_lookup" name="test_9_invoice_cascade_includes_embedded_payments" time="0.122" /><testcase classname="tests.test_iter150c_fin_source_lookup" name="test_10_trip_customer_receipt_whole_trip_prefix" time="0.158" /><testcase classname="tests.test_iter150c_fin_source_lookup" name="test_11_trip_customer_receipt_exact_receipt" time="0.116" /><testcase classname="tests.test_iter150c_fin_source_lookup" name="test_12_trip_customer_receipt_source_returns_trip_and_receipt" time="0.010"><skipped type="pytest.skip" message="no trip_customer_receipt leg with live trip">/app/backend/tests/test_iter150c_fin_source_lookup.py:336: no trip_customer_receipt leg with live trip</skipped></testcase><testcase classname="tests.test_iter150c_fin_source_lookup" name="test_13_source_lookup_is_tenant_scoped" time="0.234" /><testcase classname="tests.test_iter150c_fin_source_lookup" name="test_14_wrong_source_type_for_id_returns_404" time="0.288" /><testcase classname="tests.test_iter150c_fin_source_lookup" name="test_15_lookup_never_writes_fin_txn" time="1.324" /><testcase classname="tests.test_iter150c_fin_source_lookup" name="test_16_lookup_never_writes_source_collections" time="0.494" /><testcase classname="tests.test_iter150c_fin_source_lookup" name="test_17_router_source_has_no_write_tokens" time="0.000" /><testcase classname="tests.test_iter150c_fin_source_lookup" name="test_18_locked_files_untouched_since_iter150b" time="0.000" /><testcase classname="tests.test_iter150c_fin_source_lookup" name="test_19_source_response_shape" time="0.263" /><testcase classname="tests.test_iter150c_fin_source_lookup" name="test_20_source_legs_response_shape" time="0.247" /><testcase classname="tests.test_iter150c_fin_source_lookup" name="test_21_source_legs_returns_empty_for_nonexistent_id" time="0.113" /><testcase classname="tests.test_iter150c_fin_source_lookup" name="test_22_all_12_source_types_accepted_by_endpoint" time="2.990" /><testcase classname="tests.test_iter150c_fin_source_lookup" name="test_23_no_locked_band_forbidden_constructs" time="0.000" /><testcase classname="tests.test_iter150c_fin_source_lookup" name="test_24_deleted_source_still_drilled_but_flagged" time="1.728" /><testcase classname="tests.test_iter150c_fin_day_book_api" name="test_1_day_book_requires_auth" time="1.738" /><testcase classname="tests.test_iter150c_fin_day_book_api" name="test_2_day_book_missing_dates_returns_422_or_400" time="0.115" /><testcase classname="tests.test_iter150c_fin_day_book_api" name="test_3_accounts_requires_auth" time="0.118" /><testcase classname="tests.test_iter150c_fin_day_book_api" name="test_4_accounts_returns_seed_set" time="0.123" /><testcase classname="tests.test_iter150c_fin_day_book_api" name="test_5_accounts_is_idempotent" time="0.246" /><testcase classname="tests.test_iter150c_fin_day_book_api" name="test_6_day_book_returns_rows_and_totals" time="0.250" /><testcase classname="tests.test_iter150c_fin_day_book_api" name="test_7_day_book_source_type_filter" time="0.272" /><testcase classname="tests.test_iter150c_fin_day_book_api" name="test_8_day_book_account_code_filter" time="0.234" /><testcase classname="tests.test_iter150c_fin_day_book_api" name="test_9_day_book_date_range_scoping" time="0.232" /><testcase classname="tests.test_iter150c_fin_day_book_api" name="test_10_day_book_totals_are_rounded" time="0.122" /><testcase classname="tests.test_iter150c_fin_day_book_api" name="test_11_fin_txn_lookup_returns_source_reference" time="0.289" /><testcase classname="tests.test_iter150c_fin_day_book_api" name="test_12_fin_txn_lookup_covers_wallet_transfer" time="0.001"><skipped type="pytest.skip" message="no wallet_transfer legs in demo tenant yet">/app/backend/tests/test_iter150c_fin_day_book_api.py:216: no wallet_transfer legs in demo tenant yet</skipped></testcase><testcase classname="tests.test_iter150c_fin_day_book_api" name="test_13_fin_txn_lookup_covers_wallet_adjustment" time="0.001"><skipped type="pytest.skip" message="no wallet_adjustment legs in demo tenant yet">/app/backend/tests/test_iter150c_fin_day_book_api.py:225: no wallet_adjustment legs in demo tenant yet</skipped></testcase><testcase classname="tests.test_iter150c_fin_day_book_api" name="test_14_fin_txn_lookup_covers_trip_customer_receipt" time="0.163" /><testcase classname="tests.test_iter150c_fin_day_book_api" name="test_15_fin_txn_lookup_404_for_unknown_id" time="0.139" /><testcase classname="tests.test_iter150c_fin_day_book_api" name="test_16_day_book_reads_never_mutate" time="0.620" /><testcase classname="tests.test_iter150c_fin_day_book_api" name="test_17_coll_map_amendment_scope_is_four_lines" time="0.000" /><testcase classname="tests.test_iter150c_fin_day_book_api" name="test_18_day_book_supports_all_12_source_type_filters" time="2.271" /></testsuite></testsuites>