<?xml version="1.0" encoding="utf-8"?><testsuites name="pytest tests"><testsuite name="pytest" errors="0" failures="0" skipped="0" tests="14" time="13.513" timestamp="2026-08-08T06:55:24.513149+00:00" hostname="agent-env-a4e490e2-9c97-4db7-896b-74e67972fa90"><testcase classname="tests.test_iter26_phase1_ai_templates.TestTemplatesCRUD" name="test_create_template" time="0.771" /><testcase classname="tests.test_iter26_phase1_ai_templates.TestTemplatesCRUD" name="test_list_includes" time="0.124" /><testcase classname="tests.test_iter26_phase1_ai_templates.TestTemplatesCRUD" name="test_update_template" time="0.209" /><testcase classname="tests.test_iter26_phase1_ai_templates.TestTemplatesCRUD" name="test_company_scoping" time="0.287" /><testcase classname="tests.test_iter26_phase1_ai_templates.TestTemplatesCRUD" name="test_delete_template" time="0.291" /><testcase classname="tests.test_iter26_phase1_ai_templates.TestDuplicateTrip" name="test_create_and_duplicate" time="0.187" /><testcase classname="tests.test_iter26_phase1_ai_templates.TestFromTemplate" name="test_from_template_prefill" time="0.092" /><testcase classname="tests.test_iter26_phase1_ai_templates.TestFromTemplate" name="test_from_template_not_found" time="0.096" /><testcase classname="tests.test_iter26_phase1_ai_templates.TestAIChat" name="test_chat_stream_and_session" time="3.249" /><testcase classname="tests.test_iter26_phase1_ai_templates.TestAIChat" name="test_chat_reuses_session" time="3.036" /><testcase classname="tests.test_iter26_phase1_ai_templates.TestSessionHistory" name="test_list_sessions" time="0.097" /><testcase classname="tests.test_iter26_phase1_ai_templates.TestSessionHistory" name="test_get_messages" time="0.095" /><testcase classname="tests.test_iter26_phase1_ai_templates.TestMultiCompanyScoping" name="test_company_isolation_in_ai_tool" time="0.416" /><testcase classname="tests.test_iter26_phase1_ai_templates.TestMultiCompanyScoping" name="test_ai_chat_scoping" time="4.477" /></testsuite></testsuites>