<?xml version="1.0" encoding="utf-8"?><testsuites name="pytest tests"><testsuite name="pytest" errors="0" failures="0" skipped="0" tests="10" time="1.674" timestamp="2026-08-13T03:34:27.674706+00:00" hostname="agent-env-a4e490e2-9c97-4db7-896b-74e67972fa90"><testcase classname="tests.test_iter65_xlsx_and_reactivation" name="test_xlsx_sample_download" time="0.364" /><testcase classname="tests.test_iter65_halting_verify" name="test_auto_halting_and_grace" time="0.310" /><testcase classname="tests.test_iter65_halting_verify" name="test_halting_verify_ok_row" time="0.082" /><testcase classname="tests.test_iter65_halting_verify" name="test_halting_override_not_flagged" time="0.073" /><testcase classname="tests.test_iter65_halting_verify" name="test_only_mismatches_filter" time="0.048" /><testcase classname="tests.test_iter65_xlsx_and_reactivation" name="test_deactivation_persisted_100d" time="0.347" /><testcase classname="tests.test_iter65_halting_verify" name="test_invoice_halting_mirror" time="0.214" /><testcase classname="tests.test_iter65_halting_verify" name="test_multi_company_isolation" time="0.038" /><testcase classname="tests.test_iter65_xlsx_and_reactivation" name="test_reactivation_succeeds_and_audit_has_two" time="0.252" /><testcase classname="tests.test_iter65_xlsx_and_reactivation" name="test_short_deactivation_10d_no_ui_guard_needed" time="0.335" /></testsuite></testsuites>