<?xml version="1.0" encoding="utf-8"?><testsuites name="pytest tests"><testsuite name="pytest" errors="0" failures="0" skipped="0" tests="6" time="13.944" timestamp="2026-08-08T13:14:47.669511+00:00" hostname="agent-env-a4e490e2-9c97-4db7-896b-74e67972fa90"><testcase classname="tests.test_iter33_ai_extensions" name="test_parse_trip_from_english_voice" time="6.212" /><testcase classname="tests.test_iter33_ai_extensions" name="test_parse_trip_rejects_empty" time="0.006" /><testcase classname="tests.test_iter33_ai_extensions" name="test_insights_returns_bullets" time="4.698" /><testcase classname="tests.test_iter33_ai_extensions" name="test_insights_cache_returns_within_6h" time="0.013" /><testcase classname="tests.test_iter33_ai_extensions" name="test_report_generates_pdf" time="2.131" /><testcase classname="tests.test_iter33_ai_extensions" name="test_share_lr_returns_whatsapp_url" time="0.306" /></testsuite></testsuites>