<?xml version="1.0" encoding="utf-8"?><testsuites name="pytest tests"><testsuite name="pytest" errors="0" failures="23" skipped="0" tests="78" time="133.885" timestamp="2026-08-08T07:47:45.957940+00:00" hostname="agent-env-a4e490e2-9c97-4db7-896b-74e67972fa90"><testcase classname="tests.test_iter25_refactor_live_workflows.TestW9Reports" name="test_report_ok[/dashboard]" time="0.001"><failure message="KeyError: 'cA'">backend/tests/test_iter25_refactor_live_workflows.py:335: in test_report_ok
    r = requests.get(_api(path), headers=_hdr(STATE["cA"]))
                                              ^^^^^^^^^^^
E   KeyError: 'cA'</failure></testcase><testcase classname="tests.test_iter25_refactor_live_workflows.TestW9Reports" name="test_report_ok[/reports/pl]" time="0.000"><failure message="KeyError: 'cA'">backend/tests/test_iter25_refactor_live_workflows.py:335: in test_report_ok
    r = requests.get(_api(path), headers=_hdr(STATE["cA"]))
                                              ^^^^^^^^^^^
E   KeyError: 'cA'</failure></testcase><testcase classname="tests.test_iter25_refactor_live_workflows.TestW9Reports" name="test_report_ok[/reports/balance-sheet]" time="0.000"><failure message="KeyError: 'cA'">backend/tests/test_iter25_refactor_live_workflows.py:335: in test_report_ok
    r = requests.get(_api(path), headers=_hdr(STATE["cA"]))
                                              ^^^^^^^^^^^
E   KeyError: 'cA'</failure></testcase><testcase classname="tests.test_iter25_refactor_live_workflows.TestW9Reports" name="test_report_ok[/reports/halting]" time="0.001"><failure message="KeyError: 'cA'">backend/tests/test_iter25_refactor_live_workflows.py:335: in test_report_ok
    r = requests.get(_api(path), headers=_hdr(STATE["cA"]))
                                              ^^^^^^^^^^^
E   KeyError: 'cA'</failure></testcase><testcase classname="tests.test_iter25_refactor_live_workflows.TestW9Reports" name="test_report_ok[/reports/gst-summary]" time="0.000"><failure message="KeyError: 'cA'">backend/tests/test_iter25_refactor_live_workflows.py:335: in test_report_ok
    r = requests.get(_api(path), headers=_hdr(STATE["cA"]))
                                              ^^^^^^^^^^^
E   KeyError: 'cA'</failure></testcase><testcase classname="tests.test_iter25_refactor_live_workflows.TestW9Reports" name="test_report_ok[/reports/supplier-pl]" time="0.000"><failure message="KeyError: 'cA'">backend/tests/test_iter25_refactor_live_workflows.py:335: in test_report_ok
    r = requests.get(_api(path), headers=_hdr(STATE["cA"]))
                                              ^^^^^^^^^^^
E   KeyError: 'cA'</failure></testcase><testcase classname="tests.test_iter25_refactor_live_workflows.TestW9Reports" name="test_report_ok[/invoices/overdue]" time="0.000"><failure message="KeyError: 'cA'">backend/tests/test_iter25_refactor_live_workflows.py:335: in test_report_ok
    r = requests.get(_api(path), headers=_hdr(STATE["cA"]))
                                              ^^^^^^^^^^^
E   KeyError: 'cA'</failure></testcase><testcase classname="tests.test_iter25_refactor_live_workflows.TestW9Reports" name="test_gstr1" time="0.000"><failure message="KeyError: 'cA'">backend/tests/test_iter25_refactor_live_workflows.py:339: in test_gstr1
    r = requests.get(_api("/reports/gstr1?month=2026-01"), headers=_hdr(STATE["cA"]))
                                                                        ^^^^^^^^^^^
E   KeyError: 'cA'</failure></testcase><testcase classname="tests.test_iter25_refactor_live_workflows.TestW9Reports" name="test_ledger" time="0.000"><failure message="KeyError: 'cust_ap'">backend/tests/test_iter25_refactor_live_workflows.py:343: in test_ledger
    r = requests.get(_api(f"/reports/ledger?customer_id={STATE['cust_ap']}"), headers=_hdr(STATE["cA"]))
                                                         ^^^^^^^^^^^^^^^^
E   KeyError: 'cust_ap'</failure></testcase><testcase classname="tests.test_iter21_logo_udyam_per_company" name="test_01_logo_upload_scoped_per_company" time="0.921" /><testcase classname="tests.test_iter22_invoice_pdf_redesign" name="test_01_structural_labels_present_and_legacy_absent" time="1.289" /><testcase classname="tests.test_iter21_logo_udyam_per_company" name="test_02_delete_logo_scoped" time="0.491" /><testcase classname="tests.test_iter21_logo_udyam_per_company" name="test_03_udyam_save_and_load_per_company" time="0.637" /><testcase classname="tests.test_iter22_invoice_pdf_redesign" name="test_02_per_ton_with_diesel_and_advance" time="0.689" /><testcase classname="tests.test_iter21_logo_udyam_per_company" name="test_04_invoice_pdfs_differ_between_companies" time="1.386" /><testcase classname="tests.test_iter22_invoice_pdf_redesign" name="test_03_fixed_mode_renders" time="0.657" /><testcase classname="tests.test_iter22_invoice_pdf_redesign" name="test_04_revised_tnc_present_and_old_absent" time="0.664" /><testcase classname="tests.test_iter21_logo_udyam_per_company" name="test_05_udyam_appears_in_pdf_tnc" time="0.005" /><testcase classname="tests.test_iter22_invoice_pdf_redesign" name="test_05_udyam_appears_when_set" time="0.884" /><testcase classname="tests.test_iter21_logo_udyam_per_company" name="test_06_no_udyam_line_when_blank" time="1.067" /><testcase classname="tests.test_iter22_invoice_pdf_redesign" name="test_06_udyam_absent_when_blank" time="0.936" /><testcase classname="tests.test_iter21_logo_udyam_per_company" name="test_07_master_isolation_regression" time="0.432" /><testcase classname="tests.test_iter22_invoice_pdf_redesign" name="test_07_multi_company_pdfs_generate_and_differ" time="1.555"><failure message="AssertionError: {&quot;detail&quot;:&quot;Not found&quot;}&#10;assert 404 == 200&#10; +  where 404 = &lt;Response [404]&gt;.status_code">backend/tests/test_iter22_invoice_pdf_redesign.py:266: in test_07_multi_company_pdfs_generate_and_differ
    pB = _dl_pdf(cidB, iB["id"])
         ^^^^^^^^^^^^^^^^^^^^^^^
backend/tests/test_iter22_invoice_pdf_redesign.py:126: in _dl_pdf
    assert r.status_code == 200, r.text
E   AssertionError: {"detail":"Not found"}
E   assert 404 == 200
E    +  where 404 = &lt;Response [404]&gt;.status_code</failure></testcase><testcase classname="tests.test_iter23_invoice_column_alignment" name="test_bug_a_date_single_line" time="0.723" /><testcase classname="tests.test_iter23_invoice_column_alignment" name="test_bug_b_tons_decimal_single_line" time="0.000" /><testcase classname="tests.test_iter23_invoice_column_alignment" name="test_bug_b_tons_integer_single_line" time="0.362" /><testcase classname="tests.test_iter23_invoice_column_alignment" name="test_bug_c_vehicle_single_line" time="0.000" /><testcase classname="tests.test_iter23_invoice_column_alignment" name="test_bug_d_product_single_line" time="0.000" /><testcase classname="tests.test_iter23_invoice_column_alignment" name="test_bug_e_row_count_matches_expected" time="0.374" /><testcase classname="tests.test_iter23_invoice_column_alignment" name="test_regression_iter22_labels" time="0.092" /><testcase classname="tests.test_iter17_diesel_advance_deductions" name="test_01_single_trip_deductions_and_invoice_totals" time="0.375" /><testcase classname="tests.test_iter17_diesel_advance_deductions" name="test_02_multi_trip_aggregation" time="54.613" /><testcase classname="tests.test_iter17_diesel_advance_deductions" name="test_03_edit_trip_recomputes_invoice" time="0.199" /><testcase classname="tests.test_iter17_diesel_advance_deductions" name="test_04_pdf_labels" time="11.539" /><testcase classname="tests.test_iter17_diesel_advance_deductions" name="test_05_regression_no_reduction" time="0.372" /><testcase classname="tests.test_iter17_diesel_advance_deductions" name="test_06_multi_company_scoping" time="0.304" /><testcase classname="tests.test_iter26_phase1_ai_templates.TestTemplatesCRUD" name="test_create_template" time="0.493" /><testcase classname="tests.test_iter26_phase1_ai_templates.TestTemplatesCRUD" name="test_list_includes" time="0.097" /><testcase classname="tests.test_iter26_phase1_ai_templates.TestTemplatesCRUD" name="test_update_template" time="0.196" /><testcase classname="tests.test_iter26_phase1_ai_templates.TestTemplatesCRUD" name="test_company_scoping" time="0.303" /><testcase classname="tests.test_iter26_phase1_ai_templates.TestTemplatesCRUD" name="test_delete_template" time="1.017" /><testcase classname="tests.test_iter25_refactor_live_workflows.TestW4TripCreate" name="test_per_ton_trip_auto_freight" time="0.000"><failure message="KeyError: 'cA'">backend/tests/test_iter25_refactor_live_workflows.py:158: in test_per_ton_trip_auto_freight
    cA = STATE["cA"]
         ^^^^^^^^^^^
E   KeyError: 'cA'</failure></testcase><testcase classname="tests.test_iter25_refactor_live_workflows.TestW4TripCreate" name="test_fixed_mode_trip" time="0.000"><failure message="KeyError: 'cA'">backend/tests/test_iter25_refactor_live_workflows.py:184: in test_fixed_mode_trip
    cA = STATE["cA"]
         ^^^^^^^^^^^
E   KeyError: 'cA'</failure></testcase><testcase classname="tests.test_iter25_refactor_live_workflows.TestW4TripCreate" name="test_round_trip_halting" time="0.000"><failure message="KeyError: 'cA'">backend/tests/test_iter25_refactor_live_workflows.py:200: in test_round_trip_halting
    cA = STATE["cA"]
         ^^^^^^^^^^^
E   KeyError: 'cA'</failure></testcase><testcase classname="tests.test_iter25_refactor_live_workflows.TestW10GST" name="test_gst_same_state_cgst_sgst" time="0.000"><failure message="KeyError: 'cA'">backend/tests/test_iter25_refactor_live_workflows.py:351: in test_gst_same_state_cgst_sgst
    cA = STATE["cA"]
         ^^^^^^^^^^^
E   KeyError: 'cA'</failure></testcase><testcase classname="tests.test_iter25_refactor_live_workflows.TestW10GST" name="test_gst_different_state_igst" time="0.000"><failure message="KeyError: 'cA'">backend/tests/test_iter25_refactor_live_workflows.py:370: in test_gst_different_state_igst
    cA = STATE["cA"]  # AP
         ^^^^^^^^^^^
E   KeyError: 'cA'</failure></testcase><testcase classname="tests.test_iter25_refactor_live_workflows.TestW10GST" name="test_rcm_true_zero_effective_tax" time="0.000"><failure message="KeyError: 'cA'">backend/tests/test_iter25_refactor_live_workflows.py:390: in test_rcm_true_zero_effective_tax
    cA = STATE["cA"]
         ^^^^^^^^^^^
E   KeyError: 'cA'</failure></testcase><testcase classname="tests.test_iter25_refactor_live_workflows.TestW1Auth" name="test_auth_me_bearer" time="0.108" /><testcase classname="tests.test_multi_company_iso" name="test_master_isolation[/customers-CustA-PYT-CustB-PYT]" time="69.496" /><testcase classname="tests.test_iter25_refactor_live_workflows.TestW1Auth" name="test_auth_logout_reachable" time="0.102" /><testcase classname="tests.test_iter25_refactor_live_workflows.TestW2Companies" name="test_create_two_companies_and_switch" time="0.310" /><testcase classname="tests.test_multi_company_iso" name="test_master_isolation[/vehicles-AP01PYT0001-TS01PYT0002]" time="0.274" /><testcase classname="tests.test_multi_company_iso" name="test_master_isolation[/drivers-DrvA-PYT-DrvB-PYT]" time="0.236" /><testcase classname="tests.test_iter25_refactor_live_workflows.TestW2Companies" name="test_set_default_and_company_scoping" time="0.357" /><testcase classname="tests.test_multi_company_iso" name="test_master_isolation[/products-ProdA-PYT-ProdB-PYT]" time="11.412" /><testcase classname="tests.test_iter25_refactor_live_workflows.TestW3Masters" name="test_customer_crud_and_isolation" time="0.603" /><testcase classname="tests.test_iter25_refactor_live_workflows.TestW3Masters" name="test_vehicle_driver_product_party_crud" time="0.823" /><testcase classname="tests.test_iter25_refactor_live_workflows.TestW8PDF" name="test_invoice_pdf" time="0.000"><failure message="KeyError: 'inv'">backend/tests/test_iter25_refactor_live_workflows.py:298: in test_invoice_pdf
    r = requests.get(_api(f"/invoices/{STATE['inv']}/pdf"), headers=_hdr(cA))
                                       ^^^^^^^^^^^^
E   KeyError: 'inv'</failure></testcase><testcase classname="tests.test_iter25_refactor_live_workflows.TestW8PDF" name="test_lr_pdf" time="0.000"><failure message="KeyError: 'trip_pt'">backend/tests/test_iter25_refactor_live_workflows.py:317: in test_lr_pdf
    r = requests.get(_api(f"/trips/{STATE['trip_pt']}/lr"), headers=_hdr(cA))
                                    ^^^^^^^^^^^^^^^^
E   KeyError: 'trip_pt'</failure></testcase><testcase classname="tests.test_iter25_refactor_live_workflows.TestW11Profit" name="test_own_vehicle_profit" time="0.091" /><testcase classname="tests.test_iter25_refactor_live_workflows.TestW11Profit" name="test_supplier_vehicle_profit" time="0.098" /><testcase classname="tests.test_iter25_refactor_live_workflows.TestW12PrintFormats" name="test_ledger_pdf" time="0.103" /><testcase classname="tests.test_iter25_refactor_live_workflows.TestW12PrintFormats" name="test_rupee_symbol_and_font" time="39.501"><failure message="KeyError: 'inv'">backend/tests/test_iter25_refactor_live_workflows.py:460: in test_rupee_symbol_and_font
    r = requests.get(_api(f"/invoices/{STATE['inv']}/pdf"), headers=_hdr(cA))
                                       ^^^^^^^^^^^^
E   KeyError: 'inv'</failure></testcase><testcase classname="tests.test_multi_company_iso" name="test_master_isolation[/parties-PtyA-PYT-PtyB-PYT]" time="36.005" /><testcase classname="tests.test_iter26_phase1_ai_templates.TestFromTemplate" name="test_from_template_prefill" time="0.481"><failure message="AssertionError: {&quot;detail&quot;:&quot;Template not found&quot;}&#10;assert 404 == 200&#10; +  where 404 = &lt;Response [404]&gt;.status_code">backend/tests/test_iter26_phase1_ai_templates.py:238: in test_from_template_prefill
    assert r.status_code == 200, r.text
E   AssertionError: {"detail":"Template not found"}
E   assert 404 == 200
E    +  where 404 = &lt;Response [404]&gt;.status_code</failure></testcase><testcase classname="tests.test_iter26_phase1_ai_templates.TestFromTemplate" name="test_from_template_not_found" time="0.098" /><testcase classname="tests.test_iter26_phase1_ai_templates.TestAIChat" name="test_chat_stream_and_session" time="4.507" /><testcase classname="tests.test_iter26_phase1_ai_templates.TestAIChat" name="test_chat_reuses_session" time="2.979" /><testcase classname="tests.test_multi_company_iso" name="test_trip_and_invoice_isolation" time="1.201" /><testcase classname="tests.test_multi_company_iso" name="test_reports_are_company_scoped" time="2.071" /><testcase classname="tests.test_iter26_phase1_ai_templates.TestSessionHistory" name="test_list_sessions" time="0.091" /><testcase classname="tests.test_iter26_phase1_ai_templates.TestSessionHistory" name="test_get_messages" time="0.559" /><testcase classname="tests.test_iter25_refactor_live_workflows.TestW5TripEdit" name="test_put_trip_recomputes" time="0.097"><failure message="StopIteration">backend/tests/test_iter25_refactor_live_workflows.py:229: in test_put_trip_recomputes
    trip = next(t for t in lst if t["id"] == STATE["trip_pt"])
           ^^^^^^^^^^^^^^^^^^^^^^^^^^^^^^^^^^^^^^^^^^^^^^^^^^^
E   StopIteration</failure></testcase><testcase classname="tests.test_iter25_refactor_live_workflows.TestW6InvoiceCreate" name="test_create_invoice_from_per_ton_trip" time="0.000"><failure message="KeyError: 'trip_pt'">backend/tests/test_iter25_refactor_live_workflows.py:247: in test_create_invoice_from_per_ton_trip
    "trip_ids": [STATE["trip_pt"]],
                 ^^^^^^^^^^^^^^^^
E   KeyError: 'trip_pt'</failure></testcase><testcase classname="tests.test_iter25_refactor_live_workflows.TestW7InvoiceEdit" name="test_switch_to_igst_and_add_payment" time="0.802"><failure message="KeyError: 'inv'">backend/tests/test_iter25_refactor_live_workflows.py:275: in test_switch_to_igst_and_add_payment
    r = requests.put(_api(f"/invoices/{STATE['inv']}"), headers=_hdr(cA),
                                       ^^^^^^^^^^^^
E   KeyError: 'inv'</failure></testcase><testcase classname="tests.test_iter26_phase1_ai_templates.TestMultiCompanyScoping" name="test_company_isolation_in_ai_tool" time="0.741" /><testcase classname="tests.test_iter26_phase1_ai_templates.TestDuplicateTrip" name="test_create_and_duplicate" time="0.969" /><testcase classname="tests.test_iter26_phase1_ai_templates.TestMultiCompanyScoping" name="test_ai_chat_scoping" time="4.430" /></testsuite></testsuites>