<?xml version="1.0" encoding="utf-8"?><testsuites name="pytest tests"><testsuite name="pytest" errors="0" failures="0" skipped="0" tests="6" time="2.016" timestamp="2026-08-10T08:00:15.216005+00:00" hostname="agent-env-a4e490e2-9c97-4db7-896b-74e67972fa90"><testcase classname="tests.test_iter49_trip_edit_halting_regression" name="test_trip_edit_with_null_supplier_id_no_422" time="0.282" /><testcase classname="tests.test_iter49_trip_edit_halting_regression" name="test_halting_flow_end_to_end" time="0.436" /><testcase classname="tests.test_iter49_trip_edit_halting_regression" name="test_none_str_field_coercion_on_pydantic_validator" time="0.082" /><testcase classname="tests.test_iter49_trip_edit_halting_regression" name="test_frontend_axios_normalises_pydantic_detail_array" time="0.000" /><testcase classname="tests.test_iter49_trip_edit_halting_regression" name="test_null_supplier_id_backfilled" time="0.005" /><testcase classname="tests.test_iter49_trip_edit_halting_regression" name="test_expenses_other_remarks_null_coerced" time="0.187" /></testsuite></testsuites>