<?xml version="1.0" encoding="utf-8"?><testsuites name="pytest tests"><testsuite name="pytest" errors="0" failures="0" skipped="0" tests="3" time="1.999" timestamp="2026-08-08T09:00:37.423337+00:00" hostname="agent-env-a4e490e2-9c97-4db7-896b-74e67972fa90"><testcase classname="tests.test_iter28_import_and_demo" name="test_auth_me" time="0.193" /><testcase classname="tests.test_iter28_import_and_demo" name="test_trip_import_stamps_company_id_not_customer_id" time="0.604" /><testcase classname="tests.test_iter28_import_and_demo" name="test_import_company_isolation" time="0.710" /></testsuite></testsuites>