<?xml version="1.0" encoding="utf-8"?><testsuites name="pytest tests"><testsuite name="pytest" errors="0" failures="0" skipped="0" tests="5" time="2.733" timestamp="2026-08-09T11:23:28.165180+00:00" hostname="agent-env-a4e490e2-9c97-4db7-896b-74e67972fa90"><testcase classname="tests.test_iter43_drilldown_share_refine_chat" name="test_expenditure_drill_down_returns_trip_rows" time="0.058" /><testcase classname="tests.test_iter43_drilldown_share_refine_chat" name="test_expenditure_drill_down_400_when_type_missing" time="0.004" /><testcase classname="tests.test_iter43_drilldown_share_refine_chat" name="test_supplier_statement_share_returns_wa_url" time="0.666" /><testcase classname="tests.test_iter43_drilldown_share_refine_chat" name="test_ai_parse_template_refine_mode_returns_only_deltas" time="1.229" /><testcase classname="tests.test_iter43_drilldown_share_refine_chat" name="test_ai_chat_expenditure_tool_registered" time="0.245" /></testsuite></testsuites>