<?xml version="1.0" encoding="utf-8"?><testsuites name="pytest tests"><testsuite name="pytest" errors="0" failures="0" skipped="0" tests="11" time="6.092" timestamp="2026-08-05T10:36:25.417030+00:00" hostname="agent-env-a4e490e2-9c97-4db7-896b-74e67972fa90"><testcase classname="tests.test_iter5_features.TestBulkUpload" name="test_01_bulk_upload_tags_parsed" time="0.702" /><testcase classname="tests.test_iter5_features.TestBulkUpload" name="test_02_bulk_upload_links_to_existing_vehicle" time="1.081" /><testcase classname="tests.test_iter5_features.TestLRGeneration" name="test_01_lr_pdf_generation_and_autonumber" time="1.250" /><testcase classname="tests.test_iter5_features.TestLRGeneration" name="test_02_lr_number_stable_on_second_call" time="0.348" /><testcase classname="tests.test_iter5_features.TestLRGeneration" name="test_03_lr_number_increments_for_new_trip" time="1.125" /><testcase classname="tests.test_iter5_features.TestInlineAttachments" name="test_01_attach_on_trip" time="0.775" /><testcase classname="tests.test_iter5_features.TestInlineAttachments" name="test_02_attach_on_vehicle" time="1.095" /><testcase classname="tests.test_iter5_features.TestRegression" name="test_endpoints_available" time="2.026" /><testcase classname="tests.test_iter5_features.TestStorageUsage" name="test_01_usage_shape_and_growth" time="1.141" /><testcase classname="tests.test_iter5_features.TestRegression" name="test_reports_gstr1" time="0.123" /><testcase classname="tests.test_iter5_features.TestPincodeInEwayBill" name="test_ewaybill_pincodes" time="0.763" /></testsuite></testsuites>