<?xml version="1.0" encoding="utf-8"?><testsuites name="pytest tests"><testsuite name="pytest" errors="0" failures="0" skipped="0" tests="6" time="1.548" timestamp="2026-08-13T03:32:44.123321+00:00" hostname="agent-env-a4e490e2-9c97-4db7-896b-74e67972fa90"><testcase classname="tests.test_iter65_halting_verify" name="test_auto_halting_and_grace" time="0.262" /><testcase classname="tests.test_iter65_halting_verify" name="test_halting_verify_ok_row" time="0.111" /><testcase classname="tests.test_iter65_halting_verify" name="test_halting_override_not_flagged" time="0.115" /><testcase classname="tests.test_iter65_halting_verify" name="test_only_mismatches_filter" time="0.072" /><testcase classname="tests.test_iter65_halting_verify" name="test_invoice_halting_mirror" time="0.239" /><testcase classname="tests.test_iter65_halting_verify" name="test_multi_company_isolation" time="0.060" /></testsuite></testsuites>