<?xml version="1.0" encoding="utf-8"?><testsuites name="pytest tests"><testsuite name="pytest" errors="0" failures="0" skipped="0" tests="41" time="89.593" timestamp="2026-08-08T10:00:58.337488+00:00" hostname="agent-env-a4e490e2-9c97-4db7-896b-74e67972fa90"><testcase classname="tests.test_iter17_diesel_advance_deductions" name="test_01_single_trip_deductions_and_invoice_totals" time="0.559" /><testcase classname="tests.test_iter17_diesel_advance_deductions" name="test_02_multi_trip_aggregation" time="0.433" /><testcase classname="tests.test_iter17_diesel_advance_deductions" name="test_03_edit_trip_recomputes_invoice" time="0.234" /><testcase classname="tests.test_iter17_diesel_advance_deductions" name="test_04_pdf_labels" time="0.326" /><testcase classname="tests.test_iter17_diesel_advance_deductions" name="test_05_regression_no_reduction" time="0.368" /><testcase classname="tests.test_iter17_diesel_advance_deductions" name="test_06_multi_company_scoping" time="0.279" /><testcase classname="tests.test_iter21_logo_udyam_per_company" name="test_01_logo_upload_scoped_per_company" time="0.679" /><testcase classname="tests.test_iter21_logo_udyam_per_company" name="test_02_delete_logo_scoped" time="0.384" /><testcase classname="tests.test_iter21_logo_udyam_per_company" name="test_03_udyam_save_and_load_per_company" time="0.571" /><testcase classname="tests.test_iter21_logo_udyam_per_company" name="test_04_invoice_pdfs_differ_between_companies" time="1.254" /><testcase classname="tests.test_iter21_logo_udyam_per_company" name="test_05_udyam_appears_in_pdf_tnc" time="0.007" /><testcase classname="tests.test_iter21_logo_udyam_per_company" name="test_06_no_udyam_line_when_blank" time="0.927" /><testcase classname="tests.test_iter21_logo_udyam_per_company" name="test_07_master_isolation_regression" time="0.393" /><testcase classname="tests.test_iter22_invoice_pdf_redesign" name="test_01_structural_labels_present_and_legacy_absent" time="0.997" /><testcase classname="tests.test_iter22_invoice_pdf_redesign" name="test_02_per_ton_with_diesel_and_advance" time="0.626" /><testcase classname="tests.test_iter22_invoice_pdf_redesign" name="test_03_fixed_mode_renders" time="0.601" /><testcase classname="tests.test_iter22_invoice_pdf_redesign" name="test_04_revised_tnc_present_and_old_absent" time="0.637" /><testcase classname="tests.test_iter22_invoice_pdf_redesign" name="test_05_udyam_appears_when_set" time="0.804" /><testcase classname="tests.test_iter22_invoice_pdf_redesign" name="test_06_udyam_absent_when_blank" time="0.814" /><testcase classname="tests.test_iter22_invoice_pdf_redesign" name="test_07_multi_company_pdfs_generate_and_differ" time="1.446" /><testcase classname="tests.test_iter23_invoice_column_alignment" name="test_bug_a_date_single_line" time="0.714" /><testcase classname="tests.test_iter23_invoice_column_alignment" name="test_bug_b_tons_decimal_single_line" time="0.000" /><testcase classname="tests.test_iter23_invoice_column_alignment" name="test_bug_b_tons_integer_single_line" time="0.336" /><testcase classname="tests.test_iter23_invoice_column_alignment" name="test_bug_c_vehicle_single_line" time="0.000" /><testcase classname="tests.test_iter23_invoice_column_alignment" name="test_bug_d_product_single_line" time="0.000" /><testcase classname="tests.test_iter23_invoice_column_alignment" name="test_bug_e_row_count_matches_expected" time="0.327" /><testcase classname="tests.test_iter23_invoice_column_alignment" name="test_regression_iter22_labels" time="0.097" /><testcase classname="tests.test_multi_company_iso" name="test_master_isolation[/customers-CustA-PYT-CustB-PYT]" time="1.365" /><testcase classname="tests.test_multi_company_iso" name="test_master_isolation[/vehicles-AP01PYT0001-TS01PYT0002]" time="0.223" /><testcase classname="tests.test_multi_company_iso" name="test_master_isolation[/drivers-DrvA-PYT-DrvB-PYT]" time="0.201" /><testcase classname="tests.test_multi_company_iso" name="test_master_isolation[/products-ProdA-PYT-ProdB-PYT]" time="0.201" /><testcase classname="tests.test_multi_company_iso" name="test_master_isolation[/parties-PtyA-PYT-PtyB-PYT]" time="0.210" /><testcase classname="tests.test_multi_company_iso" name="test_trip_and_invoice_isolation" time="1.141" /><testcase classname="tests.test_multi_company_iso" name="test_reports_are_company_scoped" time="70.350" /><testcase classname="tests.test_iter28_import_and_demo" name="test_auth_me" time="0.108" /><testcase classname="tests.test_iter28_import_and_demo" name="test_trip_import_stamps_company_id_not_customer_id" time="0.639" /><testcase classname="tests.test_iter28_import_and_demo" name="test_import_company_isolation" time="0.760" /><testcase classname="tests.test_iter29_url_resolution" name="test_api_js_contains_static_mapping" time="0.001" /><testcase classname="tests.test_iter29_url_resolution" name="test_aichatbubble_uses_api_import" time="0.000" /><testcase classname="tests.test_iter29_url_resolution" name="test_dynamic_preview_auth_me_ok" time="0.098" /><testcase classname="tests.test_iter29_url_resolution" name="test_static_preview_returns_404_documented" time="0.156" /></testsuite></testsuites>