<?xml version="1.0" encoding="utf-8"?><testsuites name="pytest tests"><testsuite name="pytest" errors="0" failures="0" skipped="0" tests="22" time="4.087" timestamp="2026-08-05T09:19:33.035480+00:00" hostname="agent-env-a4e490e2-9c97-4db7-896b-74e67972fa90"><testcase classname="tests.test_iter3_features.TestProducts" name="test_01_create_product" time="0.306" /><testcase classname="tests.test_iter3_features.TestProducts" name="test_02_list_products" time="0.172" /><testcase classname="tests.test_iter3_features.TestProducts" name="test_03_update_product" time="0.360" /><testcase classname="tests.test_iter3_features.TestProducts" name="test_04_delete_product" time="0.302" /><testcase classname="tests.test_iter3_features.TestReports" name="test_01_ledger_full" time="1.025" /><testcase classname="tests.test_iter3_features.TestReports" name="test_02_ledger_date_filter_excludes_payment" time="0.179" /><testcase classname="tests.test_iter3_features.TestCompanyLogo" name="test_01_upload_valid_png" time="0.298" /><testcase classname="tests.test_iter3_features.TestReports" name="test_03_ledger_missing_customer_id_422" time="0.122" /><testcase classname="tests.test_iter3_features.TestReports" name="test_04_ledger_pdf" time="0.136" /><testcase classname="tests.test_iter3_features.TestCompanyLogo" name="test_02_upload_oversized" time="0.297" /><testcase classname="tests.test_iter3_features.TestReports" name="test_05_pl_report" time="0.116" /><testcase classname="tests.test_iter3_features.TestReports" name="test_06_balance_sheet" time="0.585" /><testcase classname="tests.test_iter3_features.TestCompanyLogo" name="test_03_upload_non_image" time="0.123" /><testcase classname="tests.test_iter3_features.TestCompanyLogo" name="test_04_delete_logo" time="0.233" /><testcase classname="tests.test_iter3_features.TestRegression" name="test_auth_me" time="0.119" /><testcase classname="tests.test_iter3_features.TestRegression" name="test_list_endpoints" time="0.738" /><testcase classname="tests.test_iter3_features.TestFreightFormula" name="test_01_round_trip_formula" time="0.239" /><testcase classname="tests.test_iter3_features.TestFreightFormula" name="test_02_legacy_fixed_fallback" time="0.113" /><testcase classname="tests.test_iter3_features.TestFreightFormula" name="test_03_per_ton_mode" time="0.119" /><testcase classname="tests.test_iter3_features.TestFreightFormula" name="test_04_put_recomputes_round_trip" time="0.617" /><testcase classname="tests.test_iter3_features.TestRegression" name="test_public_pdf_still_works" time="0.366" /><testcase classname="tests.test_iter3_features.TestRegression" name="test_invoice_pdf" time="0.247" /></testsuite></testsuites>