<?xml version="1.0" encoding="utf-8"?><testsuites name="pytest tests"><testsuite name="pytest" errors="0" failures="0" skipped="0" tests="11" time="5.015" timestamp="2026-08-06T04:42:54.152508+00:00" hostname="agent-env-a4e490e2-9c97-4db7-896b-74e67972fa90"><testcase classname="tests.test_iter10_billing" name="test_auth_session_bad_id_still_returns_401_but_schema_documented" time="0.412" /><testcase classname="tests.test_iter10_billing" name="test_auth_me_with_bearer_token" time="0.166" /><testcase classname="tests.test_iter10_billing" name="test_auth_me_without_bearer_returns_401" time="0.215" /><testcase classname="tests.test_iter10_billing" name="test_trip_shortage_and_halting_auto" time="0.587" /><testcase classname="tests.test_iter10_billing" name="test_trip_excess_case" time="0.380" /><testcase classname="tests.test_iter10_billing" name="test_trip_manual_shortage_override" time="0.312" /><testcase classname="tests.test_iter10_billing" name="test_trip_manual_halting_override" time="0.326" /><testcase classname="tests.test_iter10_billing" name="test_invoice_billable_totals" time="0.371" /><testcase classname="tests.test_iter10_billing" name="test_invoice_pdf_has_rupee_and_labels" time="0.215" /><testcase classname="tests.test_iter10_billing" name="test_invoice_recomputes_on_trip_edit" time="0.941" /><testcase classname="tests.test_iter10_billing" name="test_reports_pl_has_new_fields" time="0.944" /></testsuite></testsuites>