<?xml version="1.0" encoding="utf-8"?><testsuites name="pytest tests"><testsuite name="pytest" errors="0" failures="0" skipped="0" tests="6" time="0.797" timestamp="2026-08-09T12:13:23.140071+00:00" hostname="agent-env-a4e490e2-9c97-4db7-896b-74e67972fa90"><testcase classname="tests.test_iter45_supplier_module_phase1" name="test_supplier_crud_end_to_end" time="0.033" /><testcase classname="tests.test_iter45_supplier_module_phase1" name="test_supplier_payments_crud_and_deletion_reason_required" time="0.059" /><testcase classname="tests.test_iter45_supplier_module_phase1" name="test_supplier_ledger_reflects_opening_trip_and_payment" time="0.037" /><testcase classname="tests.test_iter45_supplier_module_phase1" name="test_suppliers_dashboard_shape" time="0.139" /><testcase classname="tests.test_iter45_supplier_module_phase1" name="test_supplier_vehicles_endpoint" time="0.009" /><testcase classname="tests.test_iter45_supplier_module_phase1" name="test_outstanding_endpoint" time="0.009" /></testsuite></testsuites>