<?xml version="1.0" encoding="utf-8"?><testsuites name="pytest tests"><testsuite name="pytest" errors="0" failures="0" skipped="0" tests="7" time="5.604" timestamp="2026-08-07T11:16:49.886098+00:00" hostname="agent-env-a4e490e2-9c97-4db7-896b-74e67972fa90"><testcase classname="tests.test_iter21_logo_udyam_per_company" name="test_01_logo_upload_scoped_per_company" time="1.132" /><testcase classname="tests.test_iter21_logo_udyam_per_company" name="test_02_delete_logo_scoped" time="0.398" /><testcase classname="tests.test_iter21_logo_udyam_per_company" name="test_03_udyam_save_and_load_per_company" time="0.702" /><testcase classname="tests.test_iter21_logo_udyam_per_company" name="test_04_invoice_pdfs_differ_between_companies" time="1.344" /><testcase classname="tests.test_iter21_logo_udyam_per_company" name="test_05_udyam_appears_in_pdf_tnc" time="0.063" /><testcase classname="tests.test_iter21_logo_udyam_per_company" name="test_06_no_udyam_line_when_blank" time="0.958" /><testcase classname="tests.test_iter21_logo_udyam_per_company" name="test_07_master_isolation_regression" time="0.449" /></testsuite></testsuites>