<?xml version="1.0" encoding="utf-8"?><testsuites name="pytest tests"><testsuite name="pytest" errors="0" failures="0" skipped="0" tests="12" time="11.121" timestamp="2026-08-10T16:36:51.427545+00:00" hostname="agent-env-a4e490e2-9c97-4db7-896b-74e67972fa90"><testcase classname="tests.test_iter57_saved_filters_export_drill_spark" name="test_saved_filter_crud" time="0.302" /><testcase classname="tests.test_iter57_saved_filters_export_drill_spark" name="test_saved_filter_company_isolation" time="0.296" /><testcase classname="tests.test_iter57_saved_filters_export_drill_spark" name="test_saved_filter_requires_name" time="0.134" /><testcase classname="tests.test_iter57_saved_filters_export_drill_spark" name="test_export_csv_smoke" time="0.816" /><testcase classname="tests.test_iter57_saved_filters_export_drill_spark" name="test_export_xlsx_smoke" time="5.256" /><testcase classname="tests.test_iter57_saved_filters_export_drill_spark" name="test_export_respects_filters" time="0.495" /><testcase classname="tests.test_iter57_saved_filters_export_drill_spark" name="test_export_company_isolation" time="2.346" /><testcase classname="tests.test_iter57_saved_filters_export_drill_spark" name="test_auth_failures_endpoint_shape" time="0.579" /><testcase classname="tests.test_iter57_saved_filters_export_drill_spark" name="test_auth_drill_returns_only_auth_failures" time="0.024" /><testcase classname="tests.test_iter57_saved_filters_export_drill_spark" name="test_sparkline_shape" time="0.076" /><testcase classname="tests.test_iter57_saved_filters_export_drill_spark" name="test_sparkline_clamps_inputs" time="0.059" /><testcase classname="tests.test_iter57_saved_filters_export_drill_spark" name="test_frontend_exposes_iter57_testids" time="0.001" /></testsuite></testsuites>