<?xml version="1.0" encoding="utf-8"?><testsuites name="pytest tests"><testsuite name="pytest" errors="0" failures="0" skipped="0" tests="11" time="1.770" timestamp="2026-08-10T10:31:15.782954+00:00" hostname="agent-env-a4e490e2-9c97-4db7-896b-74e67972fa90"><testcase classname="tests.test_iter52_strict_mode_alerts_history" name="test_auth_health_contains_regression_guard_block" time="0.039" /><testcase classname="tests.test_iter52_strict_mode_alerts_history" name="test_auth_health_200_in_dev_mode" time="0.025" /><testcase classname="tests.test_iter52_strict_mode_alerts_history" name="test_deploy_md_documents_three_layers" time="0.001" /><testcase classname="tests.test_iter52_strict_mode_alerts_history" name="test_alert_config_accepts_email_recipients" time="0.044" /><testcase classname="tests.test_iter52_strict_mode_alerts_history" name="test_alert_config_wa_phone_sanitised" time="0.022" /><testcase classname="tests.test_iter52_strict_mode_alerts_history" name="test_whatsapp_deeplink_helper" time="0.001" /><testcase classname="tests.test_iter52_strict_mode_alerts_history" name="test_test_alert_endpoint_sends_email" time="0.122" /><testcase classname="tests.test_iter52_strict_mode_alerts_history" name="test_extract_failed_tests_parser" time="0.757" /><testcase classname="tests.test_iter52_strict_mode_alerts_history" name="test_deploy_history_endpoint_shape" time="0.049" /><testcase classname="tests.test_iter52_strict_mode_alerts_history" name="test_email_env_configured" time="0.000" /><testcase classname="tests.test_iter52_strict_mode_alerts_history" name="test_interrupted_subprocess_does_not_mark_fail" time="0.001" /></testsuite></testsuites>