<?xml version="1.0" encoding="utf-8"?><testsuites name="pytest tests"><testsuite name="pytest" errors="0" failures="1" skipped="0" tests="10" time="3.716" timestamp="2026-08-08T12:46:55.917885+00:00" hostname="agent-env-a4e490e2-9c97-4db7-896b-74e67972fa90"><testcase classname="tests.test_iter32_supplier_settlement" name="test_supplier_full_settlement_new_fields" time="0.380" /><testcase classname="tests.test_iter32_supplier_settlement" name="test_supplier_fields_default_zero_backward_compat" time="0.307" /><testcase classname="tests.test_iter8_features.TestSupplierCompute" name="test_supplier_per_ton" time="0.292" /><testcase classname="tests.test_iter8_features.TestSupplierCompute" name="test_supplier_fixed_roundtrip" time="0.199" /><testcase classname="tests.test_iter8_features.TestSupplierCompute" name="test_supplier_manual_freight_preserved" time="0.201" /><testcase classname="tests.test_iter8_features.TestSupplierCompute" name="test_own_vehicle_unchanged" time="0.215" /><testcase classname="tests.test_iter8_features.TestInvoiceRecompute" name="test_edit_invoiced_trip_recomputes_invoice" time="0.782"><failure message="assert 0.0 == 375.0">backend/tests/test_iter8_features.py:203: in test_edit_invoiced_trip_recomputes_invoice
    assert inv2["cgst_amount"] == 375.0
E   assert 0.0 == 375.0</failure></testcase><testcase classname="tests.test_iter8_features.TestSupplierPLReport" name="test_supplier_pl_aggregation" time="0.491" /><testcase classname="tests.test_iter8_features.TestPLReport" name="test_pl_supplier_net_payable" time="0.290" /><testcase classname="tests.test_iter8_features.TestLRPdfTwoPage" name="test_lr_pdf_two_pages" time="0.413" /></testsuite></testsuites>