<?xml version="1.0" encoding="utf-8"?><testsuites name="pytest tests"><testsuite name="pytest" errors="0" failures="0" skipped="0" tests="17" time="7.128" timestamp="2026-08-05T11:44:35.566560+00:00" hostname="agent-env-a4e490e2-9c97-4db7-896b-74e67972fa90"><testcase classname="tests.test_iter6_features.TestTripExpensesRecoveryShortage" name="test_01_diesel_recovery" time="0.498" /><testcase classname="tests.test_iter6_features.TestTripExpensesRecoveryShortage" name="test_02_shortage_reduces_profit" time="0.127" /><testcase classname="tests.test_iter6_features.TestTripExpensesRecoveryShortage" name="test_03_cash_advance_not_in_profit" time="0.732" /><testcase classname="tests.test_iter6_features.TestInvoiceUpdateDelete" name="test_01_put_without_reason_400" time="0.873" /><testcase classname="tests.test_iter6_features.TestInvoiceUpdateDelete" name="test_02_put_igst_recompute" time="0.123" /><testcase classname="tests.test_iter6_features.TestInvoiceUpdateDelete" name="test_03_delete_without_reason_400" time="1.462" /><testcase classname="tests.test_iter6_features.TestTripDeleteReasonAndAudit" name="test_01_delete_without_reason_400" time="0.516" /><testcase classname="tests.test_iter6_features.TestTripDeleteReasonAndAudit" name="test_02_delete_with_reason_creates_audit" time="0.990" /><testcase classname="tests.test_iter6_features.TestSupplierVehicle" name="test_01_vehicle_supplier_fields_saved" time="0.356" /><testcase classname="tests.test_iter6_features.TestSupplierVehicle" name="test_02_trip_supplier_profit" time="0.500" /><testcase classname="tests.test_iter6_features.TestNewTripOptionalFieldsAndPDF" name="test_01_lr_pdf_no_telugu" time="0.542" /><testcase classname="tests.test_iter6_features.TestBackwardCompat" name="test_endpoints_still_ok" time="1.208" /><testcase classname="tests.test_iter6_features.TestNewTripOptionalFieldsAndPDF" name="test_02_invoice_pdf_has_size" time="0.684" /><testcase classname="tests.test_iter6_features.TestBackwardCompat" name="test_trip_without_new_fields_defaults" time="0.598" /><testcase classname="tests.test_iter6_features.TestTripDeleteCascade" name="test_delete_cascades" time="1.346" /><testcase classname="tests.test_iter6_features.TestAuditLogFilters" name="test_list_and_module_filter" time="0.230" /><testcase classname="tests.test_iter6_features.TestTripUpdateAfterInvoicing" name="test_put_recomputes_invoice" time="1.432" /></testsuite></testsuites>