<?xml version="1.0" encoding="utf-8"?><testsuites name="pytest tests"><testsuite name="pytest" errors="0" failures="0" skipped="0" tests="7" time="11.701" timestamp="2026-08-06T07:04:02.823730+00:00" hostname="agent-env-a4e490e2-9c97-4db7-896b-74e67972fa90"><testcase classname="tests.test_iter13_features.TestPartyCRUD" name="test_create_get_update_delete_party" time="1.462" /><testcase classname="tests.test_iter13_features.TestPartyFilter" name="test_party_type_filter" time="1.246" /><testcase classname="tests.test_iter13_features.TestHaltingReport" name="test_halting_report_with_data" time="1.339" /><testcase classname="tests.test_iter13_features.TestHaltingReport" name="test_halting_report_empty" time="2.616" /><testcase classname="tests.test_iter13_features.TestGSTSummary" name="test_gst_summary_current_month_and_fy" time="1.640" /><testcase classname="tests.test_iter13_features.TestOverdueInvoices" name="test_overdue_empty" time="1.291" /><testcase classname="tests.test_iter13_features.TestOverdueInvoices" name="test_overdue_route_not_shadowed_and_enriched" time="2.039" /></testsuite></testsuites>