<?xml version="1.0" encoding="utf-8"?><testsuites name="pytest tests"><testsuite name="pytest" errors="0" failures="0" skipped="0" tests="16" time="3.820" timestamp="2026-08-10T15:53:24.027879+00:00" hostname="agent-env-a4e490e2-9c97-4db7-896b-74e67972fa90"><testcase classname="tests.test_iter56_trip_search_filter" name="test_list_returns_pagination_headers" time="0.254" /><testcase classname="tests.test_iter56_trip_search_filter" name="test_pagination_limit_offset" time="0.594" /><testcase classname="tests.test_iter56_trip_search_filter" name="test_customer_id_filter" time="0.150" /><testcase classname="tests.test_iter56_trip_search_filter" name="test_vehicle_id_filter" time="0.159" /><testcase classname="tests.test_iter56_trip_search_filter" name="test_supplier_id_filter" time="0.145" /><testcase classname="tests.test_iter56_trip_search_filter" name="test_single_date_filter" time="0.143" /><testcase classname="tests.test_iter56_trip_search_filter" name="test_date_range_filter" time="0.147" /><testcase classname="tests.test_iter56_trip_search_filter" name="test_q_matches_lr_number" time="0.254" /><testcase classname="tests.test_iter56_trip_search_filter" name="test_q_matches_vehicle_number" time="0.248" /><testcase classname="tests.test_iter56_trip_search_filter" name="test_q_matches_customer_name" time="0.252" /><testcase classname="tests.test_iter56_trip_search_filter" name="test_q_matches_from_location" time="0.248" /><testcase classname="tests.test_iter56_trip_search_filter" name="test_halting_only_filter" time="0.144" /><testcase classname="tests.test_iter56_trip_search_filter" name="test_combined_filters_apply_AND" time="0.140" /><testcase classname="tests.test_iter56_trip_search_filter" name="test_results_sorted_latest_first" time="0.149" /><testcase classname="tests.test_iter56_trip_search_filter" name="test_multi_company_isolation" time="0.293" /><testcase classname="tests.test_iter56_trip_search_filter" name="test_frontend_exposes_required_testids" time="0.001" /></testsuite></testsuites>