<?xml version="1.0" encoding="utf-8"?><testsuites name="pytest tests"><testsuite name="pytest" errors="0" failures="0" skipped="0" tests="5" time="0.677" timestamp="2026-08-08T15:07:16.976209+00:00" hostname="agent-env-a4e490e2-9c97-4db7-896b-74e67972fa90"><testcase classname="tests.test_iter37_history_extras" name="test_customers_with_balance_flag" time="0.022" /><testcase classname="tests.test_iter37_history_extras" name="test_aging_buckets_present_in_summary" time="0.015" /><testcase classname="tests.test_iter37_history_extras" name="test_bulk_reminder_returns_whatsapp_urls" time="0.005" /><testcase classname="tests.test_iter37_history_extras" name="test_monthly_balances_endpoint" time="0.040" /><testcase classname="tests.test_iter37_history_extras" name="test_add_payment_creates_and_allocates" time="0.044" /></testsuite></testsuites>