<?xml version="1.0" encoding="utf-8"?><testsuites name="pytest tests"><testsuite name="pytest" errors="0" failures="0" skipped="0" tests="15" time="6.183" timestamp="2026-08-06T08:02:06.769361+00:00" hostname="agent-env-a4e490e2-9c97-4db7-896b-74e67972fa90"><testcase classname="tests.test_iter15_multicompany" name="test_01_fresh_user_auto_creates_default" time="1.682" /><testcase classname="tests.test_iter15_multicompany" name="test_02_create_second_company" time="0.235" /><testcase classname="tests.test_iter15_multicompany" name="test_03_set_default_flip" time="0.422" /><testcase classname="tests.test_iter15_multicompany" name="test_04_update_c1_prefix_and_state" time="0.124" /><testcase classname="tests.test_iter15_multicompany" name="test_05_delete_second_then_last_fails" time="0.589" /><testcase classname="tests.test_iter15_multicompany" name="test_06_trip_scoping" time="0.493" /><testcase classname="tests.test_iter15_multicompany" name="test_07_invoice_hsn_996511_and_scoping" time="0.386" /><testcase classname="tests.test_iter15_multicompany" name="test_08_rcm_false_totals" time="0.126" /><testcase classname="tests.test_iter15_multicompany" name="test_09_pdf_contains_hsn" time="0.301" /><testcase classname="tests.test_iter15_multicompany" name="test_10_second_invoice_996791_and_rcm_true" time="0.435" /><testcase classname="tests.test_iter15_multicompany" name="test_11_invoice_prefixes_per_company" time="0.367" /><testcase classname="tests.test_iter15_multicompany" name="test_12_legacy_company_put_scopes_active" time="0.256" /><testcase classname="tests.test_iter15_multicompany" name="test_13_backfill_legacy_trip" time="0.392" /><testcase classname="tests.test_iter15_multicompany" name="test_14_auto_gst_state_match" time="0.001" /><testcase classname="tests.test_iter15_multicompany" name="test_15_reports_scoped_by_company" time="0.243" /></testsuite></testsuites>