<?xml version="1.0" encoding="utf-8"?><testsuites name="pytest tests"><testsuite name="pytest" errors="0" failures="0" skipped="0" tests="5" time="0.802" timestamp="2026-08-09T11:46:37.787349+00:00" hostname="agent-env-a4e490e2-9c97-4db7-896b-74e67972fa90"><testcase classname="tests.test_iter44_halting_invoice_and_supplier_statement" name="test_invoice_auto_recomputes_when_trip_halting_added_after_creation" time="0.195" /><testcase classname="tests.test_iter44_halting_invoice_and_supplier_statement" name="test_reports_suppliers_list" time="0.020" /><testcase classname="tests.test_iter44_halting_invoice_and_supplier_statement" name="test_supplier_statement_json_shape" time="0.033" /><testcase classname="tests.test_iter44_halting_invoice_and_supplier_statement" name="test_supplier_statement_pdf_landscape_and_fields" time="0.054" /><testcase classname="tests.test_iter44_halting_invoice_and_supplier_statement" name="test_supplier_statement_404_when_no_data" time="0.029" /></testsuite></testsuites>