<?xml version="1.0" encoding="utf-8"?><testsuites name="pytest tests"><testsuite name="pytest" errors="0" failures="0" skipped="0" tests="3" time="1.347" timestamp="2026-08-13T04:50:01.090040+00:00" hostname="agent-env-a4e490e2-9c97-4db7-896b-74e67972fa90"><testcase classname="tests.test_iter67_extras" name="test_preserved_calculations_intra_state" time="0.401" /><testcase classname="tests.test_iter67_extras" name="test_preserved_calculations_inter_state_igst" time="0.295" /><testcase classname="tests.test_iter67_extras" name="test_multi_company_isolation_ship_sites_and_ref" time="0.273" /></testsuite></testsuites>