<?xml version="1.0" encoding="utf-8"?><testsuites name="pytest tests"><testsuite name="pytest" errors="0" failures="4" skipped="0" tests="34" time="12.178" timestamp="2026-08-08T09:00:45.397819+00:00" hostname="agent-env-a4e490e2-9c97-4db7-896b-74e67972fa90"><testcase classname="tests.test_iter21_logo_udyam_per_company" name="test_01_logo_upload_scoped_per_company" time="0.745" /><testcase classname="tests.test_iter22_invoice_pdf_redesign" name="test_01_structural_labels_present_and_legacy_absent" time="1.024" /><testcase classname="tests.test_iter21_logo_udyam_per_company" name="test_02_delete_logo_scoped" time="0.453" /><testcase classname="tests.test_iter22_invoice_pdf_redesign" name="test_02_per_ton_with_diesel_and_advance" time="0.639" /><testcase classname="tests.test_iter21_logo_udyam_per_company" name="test_03_udyam_save_and_load_per_company" time="0.617" /><testcase classname="tests.test_iter22_invoice_pdf_redesign" name="test_03_fixed_mode_renders" time="0.644" /><testcase classname="tests.test_iter21_logo_udyam_per_company" name="test_04_invoice_pdfs_differ_between_companies" time="1.255" /><testcase classname="tests.test_iter22_invoice_pdf_redesign" name="test_04_revised_tnc_present_and_old_absent" time="0.633" /><testcase classname="tests.test_iter22_invoice_pdf_redesign" name="test_05_udyam_appears_when_set" time="0.869" /><testcase classname="tests.test_iter21_logo_udyam_per_company" name="test_05_udyam_appears_in_pdf_tnc" time="0.005" /><testcase classname="tests.test_iter21_logo_udyam_per_company" name="test_06_no_udyam_line_when_blank" time="0.965" /><testcase classname="tests.test_iter22_invoice_pdf_redesign" name="test_06_udyam_absent_when_blank" time="0.819" /><testcase classname="tests.test_iter21_logo_udyam_per_company" name="test_07_master_isolation_regression" time="0.402" /><testcase classname="tests.test_iter22_invoice_pdf_redesign" name="test_07_multi_company_pdfs_generate_and_differ" time="1.451" /><testcase classname="tests.test_iter23_invoice_column_alignment" name="test_bug_a_date_single_line" time="0.722" /><testcase classname="tests.test_iter23_invoice_column_alignment" name="test_bug_b_tons_decimal_single_line" time="0.000" /><testcase classname="tests.test_iter23_invoice_column_alignment" name="test_bug_b_tons_integer_single_line" time="0.344" /><testcase classname="tests.test_iter23_invoice_column_alignment" name="test_bug_c_vehicle_single_line" time="0.000" /><testcase classname="tests.test_iter23_invoice_column_alignment" name="test_bug_d_product_single_line" time="0.000" /><testcase classname="tests.test_iter23_invoice_column_alignment" name="test_bug_e_row_count_matches_expected" time="0.376" /><testcase classname="tests.test_iter23_invoice_column_alignment" name="test_regression_iter22_labels" time="0.097" /><testcase classname="tests.test_iter17_diesel_advance_deductions" name="test_01_single_trip_deductions_and_invoice_totals" time="0.424" /><testcase classname="tests.test_iter17_diesel_advance_deductions" name="test_02_multi_trip_aggregation" time="0.374" /><testcase classname="tests.test_iter17_diesel_advance_deductions" name="test_03_edit_trip_recomputes_invoice" time="0.192" /><testcase classname="tests.test_iter17_diesel_advance_deductions" name="test_04_pdf_labels" time="0.202" /><testcase classname="tests.test_iter17_diesel_advance_deductions" name="test_05_regression_no_reduction" time="0.286" /><testcase classname="tests.test_multi_company_iso" name="test_master_isolation[/customers-CustA-PYT-CustB-PYT]" time="1.349" /><testcase classname="tests.test_multi_company_iso" name="test_master_isolation[/vehicles-AP01PYT0001-TS01PYT0002]" time="0.187" /><testcase classname="tests.test_iter17_diesel_advance_deductions" name="test_06_multi_company_scoping" time="0.283" /><testcase classname="tests.test_multi_company_iso" name="test_master_isolation[/drivers-DrvA-PYT-DrvB-PYT]" time="0.195"><failure message="AssertionError: expected DrvB-PYT in B's /drivers, got []&#10;assert 'DrvB-PYT' in []">backend/tests/test_multi_company_iso.py:79: in test_master_isolation
    assert keyB in b_names, f"expected {keyB} in B's {path}, got {b_names}"
E   AssertionError: expected DrvB-PYT in B's /drivers, got []
E   assert 'DrvB-PYT' in []</failure></testcase><testcase classname="tests.test_multi_company_iso" name="test_master_isolation[/products-ProdA-PYT-ProdB-PYT]" time="0.196"><failure message="AssertionError: expected ProdA-PYT in A's /products, got []&#10;assert 'ProdA-PYT' in []">backend/tests/test_multi_company_iso.py:77: in test_master_isolation
    assert keyA in a_names, f"expected {keyA} in A's {path}, got {a_names}"
E   AssertionError: expected ProdA-PYT in A's /products, got []
E   assert 'ProdA-PYT' in []</failure></testcase><testcase classname="tests.test_multi_company_iso" name="test_master_isolation[/parties-PtyA-PYT-PtyB-PYT]" time="0.204"><failure message="AssertionError: expected PtyA-PYT in A's /parties, got []&#10;assert 'PtyA-PYT' in []">backend/tests/test_multi_company_iso.py:77: in test_master_isolation
    assert keyA in a_names, f"expected {keyA} in A's {path}, got {a_names}"
E   AssertionError: expected PtyA-PYT in A's /parties, got []
E   assert 'PtyA-PYT' in []</failure></testcase><testcase classname="tests.test_multi_company_iso" name="test_trip_and_invoice_isolation" time="0.965"><failure message="AssertionError: trips leaked A: A_ids=['trip_51d5e4bb35b045b1', 'trip_069be66ff80e4f6f'] trB=trip_069be66ff80e4f6f&#10;assert ('trip_51d5e4bb35b045b1' in ['trip_51d5e4bb35b045b1', 'trip_069be66ff80e4f6f'] and 'trip_069be66ff80e4f6f' not in ['trip_51d5e4bb35b045b1', 'trip_069be66ff80e4f6f'])">backend/tests/test_multi_company_iso.py:102: in test_trip_and_invoice_isolation
    assert trA["id"] in a_ids and trB["id"] not in a_ids, f"trips leaked A: A_ids={a_ids} trB={trB['id']}"
E   AssertionError: trips leaked A: A_ids=['trip_51d5e4bb35b045b1', 'trip_069be66ff80e4f6f'] trB=trip_069be66ff80e4f6f
E   assert ('trip_51d5e4bb35b045b1' in ['trip_51d5e4bb35b045b1', 'trip_069be66ff80e4f6f'] and 'trip_069be66ff80e4f6f' not in ['trip_51d5e4bb35b045b1', 'trip_069be66ff80e4f6f'])</failure></testcase><testcase classname="tests.test_multi_company_iso" name="test_reports_are_company_scoped" time="1.908" /></testsuite></testsuites>