<?xml version="1.0" encoding="utf-8"?><testsuites name="pytest tests"><testsuite name="pytest" errors="0" failures="0" skipped="0" tests="11" time="2.961" timestamp="2026-08-13T06:02:20.615523+00:00" hostname="agent-env-a4e490e2-9c97-4db7-896b-74e67972fa90"><testcase classname="tests.test_iter68_customer_search" name="test_legacy_no_params_returns_array" time="0.345" /><testcase classname="tests.test_iter68_customer_search" name="test_paginated_envelope_shape" time="0.092" /><testcase classname="tests.test_iter68_customer_search" name="test_limit_capped_at_200" time="0.105" /><testcase classname="tests.test_iter68_customer_search" name="test_search_by_name_phone_gstin_and_code" time="0.496" /><testcase classname="tests.test_iter68_customer_search" name="test_search_is_case_insensitive" time="0.295" /><testcase classname="tests.test_iter68_customer_search" name="test_search_regex_metachar_is_escaped" time="0.096" /><testcase classname="tests.test_iter68_customer_search" name="test_no_duplicates_in_results" time="0.099" /><testcase classname="tests.test_iter68_customer_search" name="test_ids_param_force_includes_and_dedupes" time="0.237" /><testcase classname="tests.test_iter68_customer_search" name="test_tenant_isolation_across_companies" time="0.419" /><testcase classname="tests.test_iter68_customer_search" name="test_pagination_skip_and_has_more" time="0.189" /><testcase classname="tests.test_iter68_customer_search" name="test_empty_query_still_paginates" time="0.093" /></testsuite></testsuites>