<?xml version="1.0" encoding="utf-8"?><testsuites name="pytest tests"><testsuite name="pytest" errors="0" failures="0" skipped="0" tests="8" time="3.596" timestamp="2026-08-05T13:01:44.318794+00:00" hostname="agent-env-a4e490e2-9c97-4db7-896b-74e67972fa90"><testcase classname="tests.test_iter8_features.TestSupplierCompute" name="test_supplier_per_ton" time="0.596" /><testcase classname="tests.test_iter8_features.TestInvoiceRecompute" name="test_edit_invoiced_trip_recomputes_invoice" time="1.546" /><testcase classname="tests.test_iter8_features.TestSupplierCompute" name="test_supplier_fixed_roundtrip" time="0.327" /><testcase classname="tests.test_iter8_features.TestSupplierCompute" name="test_supplier_manual_freight_preserved" time="0.381" /><testcase classname="tests.test_iter8_features.TestSupplierCompute" name="test_own_vehicle_unchanged" time="0.326" /><testcase classname="tests.test_iter8_features.TestSupplierPLReport" name="test_supplier_pl_aggregation" time="1.031" /><testcase classname="tests.test_iter8_features.TestPLReport" name="test_pl_supplier_net_payable" time="0.543" /><testcase classname="tests.test_iter8_features.TestLRPdfTwoPage" name="test_lr_pdf_two_pages" time="0.757" /></testsuite></testsuites>