<?xml version="1.0" encoding="utf-8"?><testsuites name="pytest tests"><testsuite name="pytest" errors="0" failures="1" skipped="0" tests="15" time="6.622" timestamp="2026-08-05T09:33:05.591884+00:00" hostname="agent-env-a4e490e2-9c97-4db7-896b-74e67972fa90"><testcase classname="tests.test_iter4_features.TestVehicles" name="test_01_create_vehicle_with_expiries" time="0.291" /><testcase classname="tests.test_iter4_features.TestFuel" name="test_01_auto_amount" time="0.494" /><testcase classname="tests.test_iter4_features.TestVehicles" name="test_02_list_vehicles_has_alerts" time="0.194" /><testcase classname="tests.test_iter4_features.TestVehicles" name="test_03_update_vehicle_recomputes" time="0.118" /><testcase classname="tests.test_iter4_features.TestFuel" name="test_02_provided_amount_kept" time="0.114" /><testcase classname="tests.test_iter4_features.TestVehicles" name="test_04_delete_vehicle" time="0.294" /><testcase classname="tests.test_iter4_features.TestFuel" name="test_03_summary_km_per_litre" time="1.744" /><testcase classname="tests.test_iter4_features.TestGSTR1" name="test_01_gstr1_totals_and_split" time="1.639" /><testcase classname="tests.test_iter4_features.TestGSTR1" name="test_02_gstr1_excludes_out_of_month" time="0.125"><failure message="StopIteration">backend/tests/test_iter4_features.py:265: in test_02_gstr1_excludes_out_of_month
    off_no = next(i["invoice_number"] for i in [] if False)  # placeholder
             ^^^^^^^^^^^^^^^^^^^^^^^^^^^^^^^^^^^^^^^^^^^^^^
E   StopIteration</failure></testcase><testcase classname="tests.test_iter4_features.TestGSTR1" name="test_03_gstr1_invalid_month_400" time="1.591" /><testcase classname="tests.test_iter4_features.TestEwayBill" name="test_01_intrastate_ap" time="0.503" /><testcase classname="tests.test_iter4_features.TestEwayBill" name="test_02_interstate_karnataka" time="0.238" /><testcase classname="tests.test_iter4_features.TestEwayBill" name="test_03_unknown_state" time="0.517" /><testcase classname="tests.test_iter4_features.TestDashboardExpiry" name="test_dashboard_expiry_alerts" time="0.590" /><testcase classname="tests.test_iter4_features.TestRegression" name="test_auth_and_lists" time="1.219" /></testsuite></testsuites>