<?xml version="1.0" encoding="utf-8"?><testsuites name="pytest tests"><testsuite name="pytest" errors="0" failures="0" skipped="0" tests="19" time="4.099" timestamp="2026-08-05T08:42:54.910703+00:00" hostname="agent-env-a4e490e2-9c97-4db7-896b-74e67972fa90"><testcase classname="tests.backend_test.TestAuth" name="test_me_authenticated" time="0.214" /><testcase classname="tests.backend_test.TestFullFlow" name="test_01_company_defaults" time="0.216" /><testcase classname="tests.backend_test.TestAuth" name="test_me_unauthenticated" time="0.119" /><testcase classname="tests.backend_test.TestFullFlow" name="test_02_company_put_and_persist" time="0.237" /><testcase classname="tests.backend_test.TestFullFlow" name="test_03_customers_crud" time="0.393" /><testcase classname="tests.backend_test.TestFullFlow" name="test_04_customer_delete_flow" time="0.424" /><testcase classname="tests.backend_test.TestFullFlow" name="test_05_trip_per_ton" time="0.117" /><testcase classname="tests.backend_test.TestFullFlow" name="test_06_trip_fixed" time="0.122" /><testcase classname="tests.backend_test.TestFullFlow" name="test_07_trip_third" time="0.124" /><testcase classname="tests.backend_test.TestFullFlow" name="test_08_trip_update_recomputes" time="0.130" /><testcase classname="tests.backend_test.TestFullFlow" name="test_09_trip_list" time="0.128" /><testcase classname="tests.backend_test.TestFullFlow" name="test_10_invoice_cgst_sgst_rcm" time="0.235" /><testcase classname="tests.backend_test.TestFullFlow" name="test_11_reinvoice_locked" time="0.122" /><testcase classname="tests.backend_test.TestFullFlow" name="test_12_cannot_edit_or_delete_invoiced_trip" time="0.259" /><testcase classname="tests.backend_test.TestFullFlow" name="test_13_payments_accumulate" time="0.301" /><testcase classname="tests.backend_test.TestFullFlow" name="test_14_pdf" time="0.141" /><testcase classname="tests.backend_test.TestFullFlow" name="test_15_delete_invoice_releases_trips" time="0.244" /><testcase classname="tests.backend_test.TestFullFlow" name="test_16_igst_invoice_non_rcm" time="0.245" /><testcase classname="tests.backend_test.TestFullFlow" name="test_17_dashboard" time="0.116" /></testsuite></testsuites>