<?xml version="1.0" encoding="utf-8"?><testsuites name="pytest tests"><testsuite name="pytest" errors="0" failures="0" skipped="0" tests="34" time="22.033" timestamp="2026-08-08T06:08:01.224770+00:00" hostname="agent-env-a4e490e2-9c97-4db7-896b-74e67972fa90"><testcase classname="tests.test_iter17_diesel_advance_deductions" name="test_01_single_trip_deductions_and_invoice_totals" time="0.504" /><testcase classname="tests.test_iter17_diesel_advance_deductions" name="test_02_multi_trip_aggregation" time="0.414" /><testcase classname="tests.test_iter17_diesel_advance_deductions" name="test_03_edit_trip_recomputes_invoice" time="0.199" /><testcase classname="tests.test_iter17_diesel_advance_deductions" name="test_04_pdf_labels" time="0.205" /><testcase classname="tests.test_iter17_diesel_advance_deductions" name="test_05_regression_no_reduction" time="0.304" /><testcase classname="tests.test_iter17_diesel_advance_deductions" name="test_06_multi_company_scoping" time="0.287" /><testcase classname="tests.test_iter21_logo_udyam_per_company" name="test_01_logo_upload_scoped_per_company" time="0.658" /><testcase classname="tests.test_iter21_logo_udyam_per_company" name="test_02_delete_logo_scoped" time="0.434" /><testcase classname="tests.test_iter21_logo_udyam_per_company" name="test_03_udyam_save_and_load_per_company" time="0.560" /><testcase classname="tests.test_iter21_logo_udyam_per_company" name="test_04_invoice_pdfs_differ_between_companies" time="1.202" /><testcase classname="tests.test_iter21_logo_udyam_per_company" name="test_05_udyam_appears_in_pdf_tnc" time="0.005" /><testcase classname="tests.test_iter21_logo_udyam_per_company" name="test_06_no_udyam_line_when_blank" time="0.930" /><testcase classname="tests.test_iter21_logo_udyam_per_company" name="test_07_master_isolation_regression" time="0.385" /><testcase classname="tests.test_iter22_invoice_pdf_redesign" name="test_01_structural_labels_present_and_legacy_absent" time="0.997" /><testcase classname="tests.test_iter22_invoice_pdf_redesign" name="test_02_per_ton_with_diesel_and_advance" time="0.612" /><testcase classname="tests.test_iter22_invoice_pdf_redesign" name="test_03_fixed_mode_renders" time="0.600" /><testcase classname="tests.test_iter22_invoice_pdf_redesign" name="test_04_revised_tnc_present_and_old_absent" time="0.599" /><testcase classname="tests.test_iter22_invoice_pdf_redesign" name="test_05_udyam_appears_when_set" time="0.789" /><testcase classname="tests.test_iter22_invoice_pdf_redesign" name="test_06_udyam_absent_when_blank" time="0.806" /><testcase classname="tests.test_iter22_invoice_pdf_redesign" name="test_07_multi_company_pdfs_generate_and_differ" time="1.473" /><testcase classname="tests.test_iter23_invoice_column_alignment" name="test_bug_a_date_single_line" time="0.696" /><testcase classname="tests.test_iter23_invoice_column_alignment" name="test_bug_b_tons_decimal_single_line" time="0.000" /><testcase classname="tests.test_iter23_invoice_column_alignment" name="test_bug_b_tons_integer_single_line" time="0.322" /><testcase classname="tests.test_iter23_invoice_column_alignment" name="test_bug_c_vehicle_single_line" time="0.000" /><testcase classname="tests.test_iter23_invoice_column_alignment" name="test_bug_d_product_single_line" time="0.000" /><testcase classname="tests.test_iter23_invoice_column_alignment" name="test_bug_e_row_count_matches_expected" time="0.372" /><testcase classname="tests.test_iter23_invoice_column_alignment" name="test_regression_iter22_labels" time="0.096" /><testcase classname="tests.test_multi_company_iso" name="test_master_isolation[/customers-CustA-PYT-CustB-PYT]" time="4.454" /><testcase classname="tests.test_multi_company_iso" name="test_master_isolation[/vehicles-AP01PYT0001-TS01PYT0002]" time="0.211" /><testcase classname="tests.test_multi_company_iso" name="test_master_isolation[/drivers-DrvA-PYT-DrvB-PYT]" time="0.193" /><testcase classname="tests.test_multi_company_iso" name="test_master_isolation[/products-ProdA-PYT-ProdB-PYT]" time="0.208" /><testcase classname="tests.test_multi_company_iso" name="test_master_isolation[/parties-PtyA-PYT-PtyB-PYT]" time="0.201" /><testcase classname="tests.test_multi_company_iso" name="test_trip_and_invoice_isolation" time="1.196" /><testcase classname="tests.test_multi_company_iso" name="test_reports_are_company_scoped" time="1.918" /></testsuite></testsuites>