<?xml version="1.0" encoding="utf-8"?><testsuites name="pytest tests"><testsuite name="pytest" errors="0" failures="0" skipped="0" tests="12" time="6.085" timestamp="2026-09-03T02:56:04.021940+00:00" hostname="agent-env-a4e490e2-9c97-4db7-896b-74e67972fa90"><testcase classname="tests.test_iter133_slice_a_ui_backend_uat.TestMasters" name="test_vendor_create_and_persist" time="0.785" /><testcase classname="tests.test_iter133_slice_a_ui_backend_uat.TestMasters" name="test_vendor_update" time="0.377" /><testcase classname="tests.test_iter133_slice_a_ui_backend_uat.TestMasters" name="test_mechanic_create_and_persist" time="0.150" /><testcase classname="tests.test_iter133_slice_a_ui_backend_uat.TestMasters" name="test_vendor_ledger_endpoint" time="0.111" /><testcase classname="tests.test_iter133_slice_a_ui_backend_uat.TestMasters" name="test_mechanic_ledger_endpoint" time="0.122" /><testcase classname="tests.test_iter133_slice_a_ui_backend_uat.TestTwinWriteCore" name="test_full_repair_flow_25k" time="1.640" /><testcase classname="tests.test_iter133_slice_a_ui_backend_uat.TestTwinWriteCore" name="test_duplicate_bill_number_409" time="0.258" /><testcase classname="tests.test_iter133_slice_a_ui_backend_uat.TestTwinWriteCore" name="test_payment_reduces_outstanding_not_vehicle_cost" time="0.402" /><testcase classname="tests.test_iter133_slice_a_ui_backend_uat.TestTwinWriteCore" name="test_mechanic_payment" time="0.369" /><testcase classname="tests.test_iter133_slice_a_ui_backend_uat.TestSupplierOwned" name="test_supplier_vehicle_settlement_mode" time="0.886" /><testcase classname="tests.test_iter133_slice_a_ui_backend_uat.TestLegacyTripXor" name="test_trip_toll_single_canonical_expense" time="0.845" /><testcase classname="tests.test_iter133_slice_a_ui_backend_uat" name="test_zz_write_evidence" time="0.002" /></testsuite></testsuites>